2018-08-17 08:12:20 Warning: DebugKit not enabled. You need to either install pdo_sqlite, or define the "debug_kit" connection name.
2018-08-17 09:42:55 Warning: DebugKit not enabled. You need to either install pdo_sqlite, or define the "debug_kit" connection name.
2018-08-17 09:42:55 Error: Fatal Error (1): Class 'App\Controller\Admin\AdminAppController' not found in [/var/www/html/CarspreeAng/cakephp3/src/Controller/BrandsController.php, line 6]
Request URL: /brands
Client IP: 127.0.0.1
Trace:
Cake\Error\BaseErrorHandler::handleFatalError() - CORE/src/Error/BaseErrorHandler.php, line 229
Cake\Error\BaseErrorHandler::Cake\Error\{closure}() - CORE/src/Error/BaseErrorHandler.php, line 109
[main] - [internal], line ??



2018-08-17 09:42:55 Error: [Cake\Error\FatalErrorException] Class 'App\Controller\Admin\AdminAppController' not found in /var/www/html/CarspreeAng/cakephp3/src/Controller/BrandsController.php on line 6
Request URL: /brands
Client IP: 127.0.0.1
Stack Trace:
#0 /var/www/html/CarspreeAng/cakephp3/vendor/cakephp/cakephp/src/Error/BaseErrorHandler.php(109): Cake\Error\BaseErrorHandler->handleFatalError(1, 'Class 'App\\Cont...', '/var/www/html/C...', 6)
#1 [internal function]: Cake\Error\BaseErrorHandler->Cake\Error\{closure}()
#2 {main}


2018-08-17 09:43:18 Warning: DebugKit not enabled. You need to either install pdo_sqlite, or define the "debug_kit" connection name.
2018-08-17 09:43:18 Error: [Cake\Controller\Exception\MissingComponentException] Component class PrgComponent could not be found.
Exception Attributes: array (
  'class' => 'PrgComponent',
  'plugin' => 'Search',
)
Request URL: /brands
Stack Trace:
#0 /var/www/html/CarspreeAng/cakephp3/vendor/cakephp/cakephp/src/Core/ObjectRegistry.php(95): Cake\Controller\ComponentRegistry->_throwMissingClassError('Prg', 'Search')
#1 /var/www/html/CarspreeAng/cakephp3/vendor/cakephp/cakephp/src/Controller/Controller.php(334): Cake\Core\ObjectRegistry->load('Prg', Array)
#2 /var/www/html/CarspreeAng/cakephp3/src/Controller/BrandsController.php(24): Cake\Controller\Controller->loadComponent('Search.Prg', Array)
#3 /var/www/html/CarspreeAng/cakephp3/vendor/cakephp/cakephp/src/Controller/Controller.php(272): App\Controller\BrandsController->initialize()
#4 [internal function]: Cake\Controller\Controller->__construct(Object(Cake\Http\ServerRequest), Object(Cake\Http\Response))
#5 /var/www/html/CarspreeAng/cakephp3/vendor/cakephp/cakephp/src/Http/ControllerFactory.php(46): ReflectionClass->newInstance(Object(Cake\Http\ServerRequest), Object(Cake\Http\Response))
#6 /var/www/html/CarspreeAng/cakephp3/vendor/cakephp/cakephp/src/Http/ActionDispatcher.php(91): Cake\Http\ControllerFactory->create(Object(Cake\Http\ServerRequest), Object(Cake\Http\Response))
#7 /var/www/html/CarspreeAng/cakephp3/vendor/cakephp/cakephp/src/Http/BaseApplication.php(235): Cake\Http\ActionDispatcher->dispatch(Object(Cake\Http\ServerRequest), Object(Cake\Http\Response))
#8 /var/www/html/CarspreeAng/cakephp3/vendor/cakephp/cakephp/src/Http/Runner.php(65): Cake\Http\BaseApplication->__invoke(Object(Cake\Http\ServerRequest), Object(Cake\Http\Response), Object(Cake\Http\Runner))
#9 /var/www/html/CarspreeAng/cakephp3/vendor/cakephp/cakephp/src/Http/Middleware/CsrfProtectionMiddleware.php(107): Cake\Http\Runner->__invoke(Object(Cake\Http\ServerRequest), Object(Cake\Http\Response))
#10 /var/www/html/CarspreeAng/cakephp3/vendor/cakephp/cakephp/src/Http/Runner.php(65): Cake\Http\Middleware\CsrfProtectionMiddleware->__invoke(Object(Cake\Http\ServerRequest), Object(Cake\Http\Response), Object(Cake\Http\Runner))
#11 /var/www/html/CarspreeAng/cakephp3/vendor/cakephp/cakephp/src/Routing/Middleware/RoutingMiddleware.php(156): Cake\Http\Runner->__invoke(Object(Cake\Http\ServerRequest), Object(Cake\Http\Response))
#12 /var/www/html/CarspreeAng/cakephp3/vendor/cakephp/cakephp/src/Http/Runner.php(65): Cake\Routing\Middleware\RoutingMiddleware->__invoke(Object(Cake\Http\ServerRequest), Object(Cake\Http\Response), Object(Cake\Http\Runner))
#13 /var/www/html/CarspreeAng/cakephp3/vendor/cakephp/cakephp/src/Routing/Middleware/AssetMiddleware.php(88): Cake\Http\Runner->__invoke(Object(Cake\Http\ServerRequest), Object(Cake\Http\Response))
#14 /var/www/html/CarspreeAng/cakephp3/vendor/cakephp/cakephp/src/Http/Runner.php(65): Cake\Routing\Middleware\AssetMiddleware->__invoke(Object(Cake\Http\ServerRequest), Object(Cake\Http\Response), Object(Cake\Http\Runner))
#15 /var/www/html/CarspreeAng/cakephp3/vendor/cakephp/cakephp/src/Error/Middleware/ErrorHandlerMiddleware.php(98): Cake\Http\Runner->__invoke(Object(Cake\Http\ServerRequest), Object(Cake\Http\Response))
#16 /var/www/html/CarspreeAng/cakephp3/vendor/cakephp/cakephp/src/Http/Runner.php(65): Cake\Error\Middleware\ErrorHandlerMiddleware->__invoke(Object(Cake\Http\ServerRequest), Object(Cake\Http\Response), Object(Cake\Http\Runner))
#17 /var/www/html/CarspreeAng/cakephp3/vendor/cakephp/cakephp/src/Http/Runner.php(51): Cake\Http\Runner->__invoke(Object(Cake\Http\ServerRequest), Object(Cake\Http\Response))
#18 /var/www/html/CarspreeAng/cakephp3/vendor/cakephp/cakephp/src/Http/Server.php(98): Cake\Http\Runner->run(Object(Cake\Http\MiddlewareQueue), Object(Cake\Http\ServerRequest), Object(Cake\Http\Response))
#19 /var/www/html/CarspreeAng/cakephp3/webroot/index.php(40): Cake\Http\Server->run()
#20 {main}


2018-08-17 09:43:44 Warning: DebugKit not enabled. You need to either install pdo_sqlite, or define the "debug_kit" connection name.
2018-08-17 09:46:56 Warning: DebugKit not enabled. You need to either install pdo_sqlite, or define the "debug_kit" connection name.
2018-08-17 09:48:20 Warning: DebugKit not enabled. You need to either install pdo_sqlite, or define the "debug_kit" connection name.
2018-08-17 09:48:20 Error: [Cake\View\Exception\MissingTemplateException] Template file "Brands/index.ctp" is missing.
Exception Attributes: array (
  'file' => 'Brands/index.ctp',
)
Request URL: /brands
Stack Trace:
#0 /var/www/html/CarspreeAng/cakephp3/vendor/cakephp/cakephp/src/View/View.php(799): Cake\View\View->_getViewFileName('Brands/index')
#1 /var/www/html/CarspreeAng/cakephp3/vendor/cakephp/cakephp/src/Controller/Controller.php(777): Cake\View\View->render(NULL, NULL)
#2 /var/www/html/CarspreeAng/cakephp3/vendor/cakephp/cakephp/src/Http/ActionDispatcher.php(126): Cake\Controller\Controller->render()
#3 /var/www/html/CarspreeAng/cakephp3/vendor/cakephp/cakephp/src/Http/ActionDispatcher.php(94): Cake\Http\ActionDispatcher->_invoke(Object(App\Controller\BrandsController))
#4 /var/www/html/CarspreeAng/cakephp3/vendor/cakephp/cakephp/src/Http/BaseApplication.php(235): Cake\Http\ActionDispatcher->dispatch(Object(Cake\Http\ServerRequest), Object(Cake\Http\Response))
#5 /var/www/html/CarspreeAng/cakephp3/vendor/cakephp/cakephp/src/Http/Runner.php(65): Cake\Http\BaseApplication->__invoke(Object(Cake\Http\ServerRequest), Object(Cake\Http\Response), Object(Cake\Http\Runner))
#6 /var/www/html/CarspreeAng/cakephp3/vendor/cakephp/cakephp/src/Http/Middleware/CsrfProtectionMiddleware.php(107): Cake\Http\Runner->__invoke(Object(Cake\Http\ServerRequest), Object(Cake\Http\Response))
#7 /var/www/html/CarspreeAng/cakephp3/vendor/cakephp/cakephp/src/Http/Runner.php(65): Cake\Http\Middleware\CsrfProtectionMiddleware->__invoke(Object(Cake\Http\ServerRequest), Object(Cake\Http\Response), Object(Cake\Http\Runner))
#8 /var/www/html/CarspreeAng/cakephp3/vendor/cakephp/cakephp/src/Routing/Middleware/RoutingMiddleware.php(156): Cake\Http\Runner->__invoke(Object(Cake\Http\ServerRequest), Object(Cake\Http\Response))
#9 /var/www/html/CarspreeAng/cakephp3/vendor/cakephp/cakephp/src/Http/Runner.php(65): Cake\Routing\Middleware\RoutingMiddleware->__invoke(Object(Cake\Http\ServerRequest), Object(Cake\Http\Response), Object(Cake\Http\Runner))
#10 /var/www/html/CarspreeAng/cakephp3/vendor/cakephp/cakephp/src/Routing/Middleware/AssetMiddleware.php(88): Cake\Http\Runner->__invoke(Object(Cake\Http\ServerRequest), Object(Cake\Http\Response))
#11 /var/www/html/CarspreeAng/cakephp3/vendor/cakephp/cakephp/src/Http/Runner.php(65): Cake\Routing\Middleware\AssetMiddleware->__invoke(Object(Cake\Http\ServerRequest), Object(Cake\Http\Response), Object(Cake\Http\Runner))
#12 /var/www/html/CarspreeAng/cakephp3/vendor/cakephp/cakephp/src/Error/Middleware/ErrorHandlerMiddleware.php(98): Cake\Http\Runner->__invoke(Object(Cake\Http\ServerRequest), Object(Cake\Http\Response))
#13 /var/www/html/CarspreeAng/cakephp3/vendor/cakephp/cakephp/src/Http/Runner.php(65): Cake\Error\Middleware\ErrorHandlerMiddleware->__invoke(Object(Cake\Http\ServerRequest), Object(Cake\Http\Response), Object(Cake\Http\Runner))
#14 /var/www/html/CarspreeAng/cakephp3/vendor/cakephp/cakephp/src/Http/Runner.php(51): Cake\Http\Runner->__invoke(Object(Cake\Http\ServerRequest), Object(Cake\Http\Response))
#15 /var/www/html/CarspreeAng/cakephp3/vendor/cakephp/cakephp/src/Http/Server.php(98): Cake\Http\Runner->run(Object(Cake\Http\MiddlewareQueue), Object(Cake\Http\ServerRequest), Object(Cake\Http\Response))
#16 /var/www/html/CarspreeAng/cakephp3/webroot/index.php(40): Cake\Http\Server->run()
#17 {main}


2018-08-17 10:01:10 Warning: DebugKit not enabled. You need to either install pdo_sqlite, or define the "debug_kit" connection name.
2018-08-17 10:01:10 Error: [Cake\ORM\Exception\MissingBehaviorException] Behavior class SearchBehavior could not be found.
Exception Attributes: array (
  'class' => 'SearchBehavior',
  'plugin' => 'Search',
)
Request URL: /brands
Stack Trace:
#0 /var/www/html/CarspreeAng/cakephp3/vendor/cakephp/cakephp/src/Core/ObjectRegistry.php(95): Cake\ORM\BehaviorRegistry->_throwMissingClassError('Search', 'Search')
#1 /var/www/html/CarspreeAng/cakephp3/vendor/cakephp/cakephp/src/ORM/Table.php(860): Cake\Core\ObjectRegistry->load('Search', Array)
#2 /var/www/html/CarspreeAng/cakephp3/src/Model/Table/BrandsTable.php(33): Cake\ORM\Table->addBehavior('Search.Search')
#3 /var/www/html/CarspreeAng/cakephp3/vendor/cakephp/cakephp/src/ORM/Table.php(291): App\Model\Table\BrandsTable->initialize(Array)
#4 /var/www/html/CarspreeAng/cakephp3/vendor/cakephp/cakephp/src/ORM/Locator/TableLocator.php(257): Cake\ORM\Table->__construct(Array)
#5 /var/www/html/CarspreeAng/cakephp3/vendor/cakephp/cakephp/src/ORM/Locator/TableLocator.php(224): Cake\ORM\Locator\TableLocator->_create(Array)
#6 /var/www/html/CarspreeAng/cakephp3/vendor/cakephp/cakephp/src/Datasource/ModelAwareTrait.php(112): Cake\ORM\Locator\TableLocator->get('Brands')
#7 /var/www/html/CarspreeAng/cakephp3/src/Controller/BrandsController.php(42): Cake\Controller\Controller->loadModel('Brands')
#8 /var/www/html/CarspreeAng/cakephp3/vendor/cakephp/cakephp/src/Controller/Controller.php(596): App\Controller\BrandsController->index()
#9 /var/www/html/CarspreeAng/cakephp3/vendor/cakephp/cakephp/src/Http/ActionDispatcher.php(120): Cake\Controller\Controller->invokeAction()
#10 /var/www/html/CarspreeAng/cakephp3/vendor/cakephp/cakephp/src/Http/ActionDispatcher.php(94): Cake\Http\ActionDispatcher->_invoke(Object(App\Controller\BrandsController))
#11 /var/www/html/CarspreeAng/cakephp3/vendor/cakephp/cakephp/src/Http/BaseApplication.php(235): Cake\Http\ActionDispatcher->dispatch(Object(Cake\Http\ServerRequest), Object(Cake\Http\Response))
#12 /var/www/html/CarspreeAng/cakephp3/vendor/cakephp/cakephp/src/Http/Runner.php(65): Cake\Http\BaseApplication->__invoke(Object(Cake\Http\ServerRequest), Object(Cake\Http\Response), Object(Cake\Http\Runner))
#13 /var/www/html/CarspreeAng/cakephp3/vendor/cakephp/cakephp/src/Http/Middleware/CsrfProtectionMiddleware.php(107): Cake\Http\Runner->__invoke(Object(Cake\Http\ServerRequest), Object(Cake\Http\Response))
#14 /var/www/html/CarspreeAng/cakephp3/vendor/cakephp/cakephp/src/Http/Runner.php(65): Cake\Http\Middleware\CsrfProtectionMiddleware->__invoke(Object(Cake\Http\ServerRequest), Object(Cake\Http\Response), Object(Cake\Http\Runner))
#15 /var/www/html/CarspreeAng/cakephp3/vendor/cakephp/cakephp/src/Routing/Middleware/RoutingMiddleware.php(156): Cake\Http\Runner->__invoke(Object(Cake\Http\ServerRequest), Object(Cake\Http\Response))
#16 /var/www/html/CarspreeAng/cakephp3/vendor/cakephp/cakephp/src/Http/Runner.php(65): Cake\Routing\Middleware\RoutingMiddleware->__invoke(Object(Cake\Http\ServerRequest), Object(Cake\Http\Response), Object(Cake\Http\Runner))
#17 /var/www/html/CarspreeAng/cakephp3/vendor/cakephp/cakephp/src/Routing/Middleware/AssetMiddleware.php(88): Cake\Http\Runner->__invoke(Object(Cake\Http\ServerRequest), Object(Cake\Http\Response))
#18 /var/www/html/CarspreeAng/cakephp3/vendor/cakephp/cakephp/src/Http/Runner.php(65): Cake\Routing\Middleware\AssetMiddleware->__invoke(Object(Cake\Http\ServerRequest), Object(Cake\Http\Response), Object(Cake\Http\Runner))
#19 /var/www/html/CarspreeAng/cakephp3/vendor/cakephp/cakephp/src/Error/Middleware/ErrorHandlerMiddleware.php(98): Cake\Http\Runner->__invoke(Object(Cake\Http\ServerRequest), Object(Cake\Http\Response))
#20 /var/www/html/CarspreeAng/cakephp3/vendor/cakephp/cakephp/src/Http/Runner.php(65): Cake\Error\Middleware\ErrorHandlerMiddleware->__invoke(Object(Cake\Http\ServerRequest), Object(Cake\Http\Response), Object(Cake\Http\Runner))
#21 /var/www/html/CarspreeAng/cakephp3/vendor/cakephp/cakephp/src/Http/Runner.php(51): Cake\Http\Runner->__invoke(Object(Cake\Http\ServerRequest), Object(Cake\Http\Response))
#22 /var/www/html/CarspreeAng/cakephp3/vendor/cakephp/cakephp/src/Http/Server.php(98): Cake\Http\Runner->run(Object(Cake\Http\MiddlewareQueue), Object(Cake\Http\ServerRequest), Object(Cake\Http\Response))
#23 /var/www/html/CarspreeAng/cakephp3/webroot/index.php(40): Cake\Http\Server->run()
#24 {main}


2018-08-17 10:01:31 Warning: DebugKit not enabled. You need to either install pdo_sqlite, or define the "debug_kit" connection name.
2018-08-17 10:05:16 Warning: DebugKit not enabled. You need to either install pdo_sqlite, or define the "debug_kit" connection name.
2018-08-17 11:01:26 Warning: DebugKit not enabled. You need to either install pdo_sqlite, or define the "debug_kit" connection name.
2018-08-17 11:09:54 Warning: DebugKit not enabled. You need to either install pdo_sqlite, or define the "debug_kit" connection name.
2018-08-17 11:48:38 Warning: DebugKit not enabled. You need to either install pdo_sqlite, or define the "debug_kit" connection name.
2018-08-17 11:50:01 Warning: DebugKit not enabled. You need to either install pdo_sqlite, or define the "debug_kit" connection name.
2018-08-17 11:50:08 Warning: DebugKit not enabled. You need to either install pdo_sqlite, or define the "debug_kit" connection name.
2018-08-17 11:50:25 Warning: DebugKit not enabled. You need to either install pdo_sqlite, or define the "debug_kit" connection name.
2018-08-17 11:50:46 Warning: DebugKit not enabled. You need to either install pdo_sqlite, or define the "debug_kit" connection name.
2018-08-17 11:50:58 Warning: DebugKit not enabled. You need to either install pdo_sqlite, or define the "debug_kit" connection name.
2018-08-17 11:51:15 Warning: DebugKit not enabled. You need to either install pdo_sqlite, or define the "debug_kit" connection name.
2018-08-17 11:51:25 Warning: DebugKit not enabled. You need to either install pdo_sqlite, or define the "debug_kit" connection name.
2018-08-17 11:51:58 Warning: DebugKit not enabled. You need to either install pdo_sqlite, or define the "debug_kit" connection name.
2018-08-17 11:52:08 Warning: DebugKit not enabled. You need to either install pdo_sqlite, or define the "debug_kit" connection name.
2018-08-17 11:52:19 Warning: DebugKit not enabled. You need to either install pdo_sqlite, or define the "debug_kit" connection name.
2018-08-17 11:53:26 Warning: DebugKit not enabled. You need to either install pdo_sqlite, or define the "debug_kit" connection name.
2018-08-17 11:53:43 Warning: DebugKit not enabled. You need to either install pdo_sqlite, or define the "debug_kit" connection name.
2018-08-17 11:53:52 Warning: DebugKit not enabled. You need to either install pdo_sqlite, or define the "debug_kit" connection name.
2018-08-17 11:54:24 Warning: DebugKit not enabled. You need to either install pdo_sqlite, or define the "debug_kit" connection name.
2018-08-17 11:56:48 Warning: DebugKit not enabled. You need to either install pdo_sqlite, or define the "debug_kit" connection name.
2018-08-17 11:57:32 Warning: DebugKit not enabled. You need to either install pdo_sqlite, or define the "debug_kit" connection name.
2018-08-17 11:57:47 Warning: DebugKit not enabled. You need to either install pdo_sqlite, or define the "debug_kit" connection name.
2018-08-17 12:00:12 Warning: DebugKit not enabled. You need to either install pdo_sqlite, or define the "debug_kit" connection name.
2018-08-17 12:00:23 Warning: DebugKit not enabled. You need to either install pdo_sqlite, or define the "debug_kit" connection name.
2018-08-17 12:00:32 Warning: DebugKit not enabled. You need to either install pdo_sqlite, or define the "debug_kit" connection name.
2018-08-17 12:01:06 Warning: DebugKit not enabled. You need to either install pdo_sqlite, or define the "debug_kit" connection name.
2018-08-17 12:01:06 Warning: DebugKit not enabled. You need to either install pdo_sqlite, or define the "debug_kit" connection name.
2018-08-17 12:06:08 Warning: DebugKit not enabled. You need to either install pdo_sqlite, or define the "debug_kit" connection name.
2018-08-17 12:06:45 Warning: DebugKit not enabled. You need to either install pdo_sqlite, or define the "debug_kit" connection name.
2018-08-17 12:07:37 Warning: DebugKit not enabled. You need to either install pdo_sqlite, or define the "debug_kit" connection name.
2018-08-17 12:07:58 Warning: DebugKit not enabled. You need to either install pdo_sqlite, or define the "debug_kit" connection name.
2018-08-17 12:31:11 Warning: DebugKit not enabled. You need to either install pdo_sqlite, or define the "debug_kit" connection name.
2018-08-17 12:32:20 Warning: DebugKit not enabled. You need to either install pdo_sqlite, or define the "debug_kit" connection name.
2018-08-17 13:01:32 Warning: DebugKit not enabled. You need to either install pdo_sqlite, or define the "debug_kit" connection name.
2018-08-17 13:28:25 Warning: DebugKit not enabled. You need to either install pdo_sqlite, or define the "debug_kit" connection name.
2018-08-17 13:31:53 Warning: DebugKit not enabled. You need to either install pdo_sqlite, or define the "debug_kit" connection name.
2018-08-17 13:32:59 Warning: DebugKit not enabled. You need to either install pdo_sqlite, or define the "debug_kit" connection name.
2018-08-17 13:33:29 Warning: DebugKit not enabled. You need to either install pdo_sqlite, or define the "debug_kit" connection name.
2018-08-17 13:37:30 Warning: DebugKit not enabled. You need to either install pdo_sqlite, or define the "debug_kit" connection name.
2018-08-17 13:37:45 Warning: DebugKit not enabled. You need to either install pdo_sqlite, or define the "debug_kit" connection name.
2018-08-20 05:41:18 Warning: DebugKit not enabled. You need to either install pdo_sqlite, or define the "debug_kit" connection name.
2018-08-21 11:08:25 Warning: DebugKit not enabled. You need to either install pdo_sqlite, or define the "debug_kit" connection name.
2018-08-21 11:08:25 Warning: DebugKit not enabled. You need to either install pdo_sqlite, or define the "debug_kit" connection name.
2018-08-21 11:10:38 Warning: DebugKit not enabled. You need to either install pdo_sqlite, or define the "debug_kit" connection name.
2018-08-21 11:10:39 Warning: DebugKit not enabled. You need to either install pdo_sqlite, or define the "debug_kit" connection name.
2018-08-22 05:46:57 Warning: DebugKit not enabled. You need to either install pdo_sqlite, or define the "debug_kit" connection name.
2018-08-22 11:06:30 Warning: DebugKit not enabled. You need to either install pdo_sqlite, or define the "debug_kit" connection name.
2018-08-22 13:39:37 Warning: DebugKit not enabled. You need to either install pdo_sqlite, or define the "debug_kit" connection name.
2018-08-22 13:40:09 Warning: DebugKit not enabled. You need to either install pdo_sqlite, or define the "debug_kit" connection name.
2018-08-23 12:13:43 Warning: DebugKit not enabled. You need to either install pdo_sqlite, or define the "debug_kit" connection name.
2018-08-23 12:13:52 Warning: DebugKit not enabled. You need to either install pdo_sqlite, or define the "debug_kit" connection name.
2018-08-23 12:18:55 Warning: DebugKit not enabled. You need to either install pdo_sqlite, or define the "debug_kit" connection name.
2018-08-23 12:33:17 Warning: DebugKit not enabled. You need to either install pdo_sqlite, or define the "debug_kit" connection name.
2018-08-23 14:26:07 Warning: DebugKit not enabled. You need to either install pdo_sqlite, or define the "debug_kit" connection name.
2018-08-23 14:28:20 Warning: DebugKit not enabled. You need to either install pdo_sqlite, or define the "debug_kit" connection name.
2018-08-23 14:31:08 Warning: DebugKit not enabled. You need to either install pdo_sqlite, or define the "debug_kit" connection name.
2018-08-23 14:36:09 Warning: DebugKit not enabled. You need to either install pdo_sqlite, or define the "debug_kit" connection name.
2018-08-24 04:30:47 Warning: DebugKit not enabled. You need to either install pdo_sqlite, or define the "debug_kit" connection name.
2018-08-24 04:30:51 Error: [LogicException] Controller actions can only return Cake\Http\Response or null.
Request URL: /brands/index
Stack Trace:
#0 /var/www/html/CarspreeAng/cakephp3/vendor/cakephp/cakephp/src/Http/ActionDispatcher.php(94): Cake\Http\ActionDispatcher->_invoke(Object(App\Controller\BrandsController))
#1 /var/www/html/CarspreeAng/cakephp3/vendor/cakephp/cakephp/src/Http/BaseApplication.php(235): Cake\Http\ActionDispatcher->dispatch(Object(Cake\Http\ServerRequest), Object(Cake\Http\Response))
#2 /var/www/html/CarspreeAng/cakephp3/vendor/cakephp/cakephp/src/Http/Runner.php(65): Cake\Http\BaseApplication->__invoke(Object(Cake\Http\ServerRequest), Object(Cake\Http\Response), Object(Cake\Http\Runner))
#3 /var/www/html/CarspreeAng/cakephp3/vendor/cakephp/cakephp/src/Http/Middleware/CsrfProtectionMiddleware.php(103): Cake\Http\Runner->__invoke(Object(Cake\Http\ServerRequest), Object(Cake\Http\Response))
#4 /var/www/html/CarspreeAng/cakephp3/vendor/cakephp/cakephp/src/Http/Runner.php(65): Cake\Http\Middleware\CsrfProtectionMiddleware->__invoke(Object(Cake\Http\ServerRequest), Object(Cake\Http\Response), Object(Cake\Http\Runner))
#5 /var/www/html/CarspreeAng/cakephp3/vendor/cakephp/cakephp/src/Routing/Middleware/RoutingMiddleware.php(156): Cake\Http\Runner->__invoke(Object(Cake\Http\ServerRequest), Object(Cake\Http\Response))
#6 /var/www/html/CarspreeAng/cakephp3/vendor/cakephp/cakephp/src/Http/Runner.php(65): Cake\Routing\Middleware\RoutingMiddleware->__invoke(Object(Cake\Http\ServerRequest), Object(Cake\Http\Response), Object(Cake\Http\Runner))
#7 /var/www/html/CarspreeAng/cakephp3/vendor/cakephp/cakephp/src/Routing/Middleware/AssetMiddleware.php(88): Cake\Http\Runner->__invoke(Object(Cake\Http\ServerRequest), Object(Cake\Http\Response))
#8 /var/www/html/CarspreeAng/cakephp3/vendor/cakephp/cakephp/src/Http/Runner.php(65): Cake\Routing\Middleware\AssetMiddleware->__invoke(Object(Cake\Http\ServerRequest), Object(Cake\Http\Response), Object(Cake\Http\Runner))
#9 /var/www/html/CarspreeAng/cakephp3/vendor/cakephp/cakephp/src/Error/Middleware/ErrorHandlerMiddleware.php(98): Cake\Http\Runner->__invoke(Object(Cake\Http\ServerRequest), Object(Cake\Http\Response))
#10 /var/www/html/CarspreeAng/cakephp3/vendor/cakephp/cakephp/src/Http/Runner.php(65): Cake\Error\Middleware\ErrorHandlerMiddleware->__invoke(Object(Cake\Http\ServerRequest), Object(Cake\Http\Response), Object(Cake\Http\Runner))
#11 /var/www/html/CarspreeAng/cakephp3/vendor/cakephp/cakephp/src/Http/Runner.php(51): Cake\Http\Runner->__invoke(Object(Cake\Http\ServerRequest), Object(Cake\Http\Response))
#12 /var/www/html/CarspreeAng/cakephp3/vendor/cakephp/cakephp/src/Http/Server.php(98): Cake\Http\Runner->run(Object(Cake\Http\MiddlewareQueue), Object(Cake\Http\ServerRequest), Object(Cake\Http\Response))
#13 /var/www/html/CarspreeAng/cakephp3/webroot/index.php(40): Cake\Http\Server->run()
#14 {main}


2018-08-24 10:36:07 Warning: DebugKit not enabled. You need to either install pdo_sqlite, or define the "debug_kit" connection name.
2018-08-24 10:36:07 Error: [LogicException] Controller actions can only return Cake\Http\Response or null.
Request URL: /brands/index
Stack Trace:
#0 /var/www/html/CarspreeAng/cakephp3/vendor/cakephp/cakephp/src/Http/ActionDispatcher.php(94): Cake\Http\ActionDispatcher->_invoke(Object(App\Controller\BrandsController))
#1 /var/www/html/CarspreeAng/cakephp3/vendor/cakephp/cakephp/src/Http/BaseApplication.php(235): Cake\Http\ActionDispatcher->dispatch(Object(Cake\Http\ServerRequest), Object(Cake\Http\Response))
#2 /var/www/html/CarspreeAng/cakephp3/vendor/cakephp/cakephp/src/Http/Runner.php(65): Cake\Http\BaseApplication->__invoke(Object(Cake\Http\ServerRequest), Object(Cake\Http\Response), Object(Cake\Http\Runner))
#3 /var/www/html/CarspreeAng/cakephp3/vendor/cakephp/cakephp/src/Http/Middleware/CsrfProtectionMiddleware.php(103): Cake\Http\Runner->__invoke(Object(Cake\Http\ServerRequest), Object(Cake\Http\Response))
#4 /var/www/html/CarspreeAng/cakephp3/vendor/cakephp/cakephp/src/Http/Runner.php(65): Cake\Http\Middleware\CsrfProtectionMiddleware->__invoke(Object(Cake\Http\ServerRequest), Object(Cake\Http\Response), Object(Cake\Http\Runner))
#5 /var/www/html/CarspreeAng/cakephp3/vendor/cakephp/cakephp/src/Routing/Middleware/RoutingMiddleware.php(156): Cake\Http\Runner->__invoke(Object(Cake\Http\ServerRequest), Object(Cake\Http\Response))
#6 /var/www/html/CarspreeAng/cakephp3/vendor/cakephp/cakephp/src/Http/Runner.php(65): Cake\Routing\Middleware\RoutingMiddleware->__invoke(Object(Cake\Http\ServerRequest), Object(Cake\Http\Response), Object(Cake\Http\Runner))
#7 /var/www/html/CarspreeAng/cakephp3/vendor/cakephp/cakephp/src/Routing/Middleware/AssetMiddleware.php(88): Cake\Http\Runner->__invoke(Object(Cake\Http\ServerRequest), Object(Cake\Http\Response))
#8 /var/www/html/CarspreeAng/cakephp3/vendor/cakephp/cakephp/src/Http/Runner.php(65): Cake\Routing\Middleware\AssetMiddleware->__invoke(Object(Cake\Http\ServerRequest), Object(Cake\Http\Response), Object(Cake\Http\Runner))
#9 /var/www/html/CarspreeAng/cakephp3/vendor/cakephp/cakephp/src/Error/Middleware/ErrorHandlerMiddleware.php(98): Cake\Http\Runner->__invoke(Object(Cake\Http\ServerRequest), Object(Cake\Http\Response))
#10 /var/www/html/CarspreeAng/cakephp3/vendor/cakephp/cakephp/src/Http/Runner.php(65): Cake\Error\Middleware\ErrorHandlerMiddleware->__invoke(Object(Cake\Http\ServerRequest), Object(Cake\Http\Response), Object(Cake\Http\Runner))
#11 /var/www/html/CarspreeAng/cakephp3/vendor/cakephp/cakephp/src/Http/Runner.php(51): Cake\Http\Runner->__invoke(Object(Cake\Http\ServerRequest), Object(Cake\Http\Response))
#12 /var/www/html/CarspreeAng/cakephp3/vendor/cakephp/cakephp/src/Http/Server.php(98): Cake\Http\Runner->run(Object(Cake\Http\MiddlewareQueue), Object(Cake\Http\ServerRequest), Object(Cake\Http\Response))
#13 /var/www/html/CarspreeAng/cakephp3/webroot/index.php(40): Cake\Http\Server->run()
#14 {main}


2018-08-24 10:36:25 Warning: DebugKit not enabled. You need to either install pdo_sqlite, or define the "debug_kit" connection name.
2018-08-24 10:41:05 Warning: DebugKit not enabled. You need to either install pdo_sqlite, or define the "debug_kit" connection name.
2018-08-24 11:45:23 Warning: DebugKit not enabled. You need to either install pdo_sqlite, or define the "debug_kit" connection name.
2018-08-24 11:51:59 Warning: DebugKit not enabled. You need to either install pdo_sqlite, or define the "debug_kit" connection name.
2018-08-24 11:53:31 Warning: DebugKit not enabled. You need to either install pdo_sqlite, or define the "debug_kit" connection name.
2018-08-24 11:54:48 Warning: DebugKit not enabled. You need to either install pdo_sqlite, or define the "debug_kit" connection name.
2018-08-24 11:55:40 Warning: DebugKit not enabled. You need to either install pdo_sqlite, or define the "debug_kit" connection name.
2018-08-24 11:56:28 Warning: DebugKit not enabled. You need to either install pdo_sqlite, or define the "debug_kit" connection name.
2018-08-24 11:59:30 Warning: DebugKit not enabled. You need to either install pdo_sqlite, or define the "debug_kit" connection name.
2018-08-24 11:59:30 Error: [LogicException] Controller actions can only return Cake\Http\Response or null.
Request URL: /brands/index
Stack Trace:
#0 /var/www/html/CarspreeAng/cakephp3/vendor/cakephp/cakephp/src/Http/ActionDispatcher.php(94): Cake\Http\ActionDispatcher->_invoke(Object(App\Controller\BrandsController))
#1 /var/www/html/CarspreeAng/cakephp3/vendor/cakephp/cakephp/src/Http/BaseApplication.php(235): Cake\Http\ActionDispatcher->dispatch(Object(Cake\Http\ServerRequest), Object(Cake\Http\Response))
#2 /var/www/html/CarspreeAng/cakephp3/vendor/cakephp/cakephp/src/Http/Runner.php(65): Cake\Http\BaseApplication->__invoke(Object(Cake\Http\ServerRequest), Object(Cake\Http\Response), Object(Cake\Http\Runner))
#3 /var/www/html/CarspreeAng/cakephp3/vendor/cakephp/cakephp/src/Http/Middleware/CsrfProtectionMiddleware.php(103): Cake\Http\Runner->__invoke(Object(Cake\Http\ServerRequest), Object(Cake\Http\Response))
#4 /var/www/html/CarspreeAng/cakephp3/vendor/cakephp/cakephp/src/Http/Runner.php(65): Cake\Http\Middleware\CsrfProtectionMiddleware->__invoke(Object(Cake\Http\ServerRequest), Object(Cake\Http\Response), Object(Cake\Http\Runner))
#5 /var/www/html/CarspreeAng/cakephp3/vendor/cakephp/cakephp/src/Routing/Middleware/RoutingMiddleware.php(156): Cake\Http\Runner->__invoke(Object(Cake\Http\ServerRequest), Object(Cake\Http\Response))
#6 /var/www/html/CarspreeAng/cakephp3/vendor/cakephp/cakephp/src/Http/Runner.php(65): Cake\Routing\Middleware\RoutingMiddleware->__invoke(Object(Cake\Http\ServerRequest), Object(Cake\Http\Response), Object(Cake\Http\Runner))
#7 /var/www/html/CarspreeAng/cakephp3/vendor/cakephp/cakephp/src/Routing/Middleware/AssetMiddleware.php(88): Cake\Http\Runner->__invoke(Object(Cake\Http\ServerRequest), Object(Cake\Http\Response))
#8 /var/www/html/CarspreeAng/cakephp3/vendor/cakephp/cakephp/src/Http/Runner.php(65): Cake\Routing\Middleware\AssetMiddleware->__invoke(Object(Cake\Http\ServerRequest), Object(Cake\Http\Response), Object(Cake\Http\Runner))
#9 /var/www/html/CarspreeAng/cakephp3/vendor/cakephp/cakephp/src/Error/Middleware/ErrorHandlerMiddleware.php(98): Cake\Http\Runner->__invoke(Object(Cake\Http\ServerRequest), Object(Cake\Http\Response))
#10 /var/www/html/CarspreeAng/cakephp3/vendor/cakephp/cakephp/src/Http/Runner.php(65): Cake\Error\Middleware\ErrorHandlerMiddleware->__invoke(Object(Cake\Http\ServerRequest), Object(Cake\Http\Response), Object(Cake\Http\Runner))
#11 /var/www/html/CarspreeAng/cakephp3/vendor/cakephp/cakephp/src/Http/Runner.php(51): Cake\Http\Runner->__invoke(Object(Cake\Http\ServerRequest), Object(Cake\Http\Response))
#12 /var/www/html/CarspreeAng/cakephp3/vendor/cakephp/cakephp/src/Http/Server.php(98): Cake\Http\Runner->run(Object(Cake\Http\MiddlewareQueue), Object(Cake\Http\ServerRequest), Object(Cake\Http\Response))
#13 /var/www/html/CarspreeAng/cakephp3/webroot/index.php(40): Cake\Http\Server->run()
#14 {main}


2018-08-24 11:59:36 Warning: DebugKit not enabled. You need to either install pdo_sqlite, or define the "debug_kit" connection name.
2018-08-24 12:01:30 Warning: DebugKit not enabled. You need to either install pdo_sqlite, or define the "debug_kit" connection name.
2018-08-24 12:06:45 Warning: DebugKit not enabled. You need to either install pdo_sqlite, or define the "debug_kit" connection name.
2018-08-24 12:07:27 Warning: DebugKit not enabled. You need to either install pdo_sqlite, or define the "debug_kit" connection name.
2018-08-28 04:39:34 Warning: DebugKit not enabled. You need to either install pdo_sqlite, or define the "debug_kit" connection name.
2018-09-03 06:55:39 Warning: DebugKit not enabled. You need to either install pdo_sqlite, or define the "debug_kit" connection name.
2018-09-03 06:56:55 Warning: DebugKit not enabled. You need to either install pdo_sqlite, or define the "debug_kit" connection name.
2018-09-03 06:57:33 Warning: DebugKit not enabled. You need to either install pdo_sqlite, or define the "debug_kit" connection name.
2018-09-03 06:57:37 Warning: DebugKit not enabled. You need to either install pdo_sqlite, or define the "debug_kit" connection name.
2018-09-03 06:57:51 Warning: DebugKit not enabled. You need to either install pdo_sqlite, or define the "debug_kit" connection name.
2018-09-03 07:04:17 Warning: DebugKit not enabled. You need to either install pdo_sqlite, or define the "debug_kit" connection name.
2018-09-03 07:04:17 Warning: DebugKit not enabled. You need to either install pdo_sqlite, or define the "debug_kit" connection name.
2018-09-03 08:06:20 Warning: DebugKit not enabled. You need to either install pdo_sqlite, or define the "debug_kit" connection name.
2018-09-03 08:10:03 Warning: DebugKit not enabled. You need to either install pdo_sqlite, or define the "debug_kit" connection name.
2018-09-03 09:11:17 Warning: DebugKit not enabled. You need to either install pdo_sqlite, or define the "debug_kit" connection name.
2018-09-03 09:11:17 Error: [Error] Call to a member function config() on boolean
Request URL: /brands/index
Referer URL: http://localhost:4200/
Stack Trace:
#0 /var/www/html/CarspreeAng/cakephp3/vendor/cakephp/cakephp/src/Controller/Controller.php(272): App\Controller\BrandsController->initialize()
#1 [internal function]: Cake\Controller\Controller->__construct(Object(Cake\Http\ServerRequest), Object(Cake\Http\Response))
#2 /var/www/html/CarspreeAng/cakephp3/vendor/cakephp/cakephp/src/Http/ControllerFactory.php(46): ReflectionClass->newInstance(Object(Cake\Http\ServerRequest), Object(Cake\Http\Response))
#3 /var/www/html/CarspreeAng/cakephp3/vendor/cakephp/cakephp/src/Http/ActionDispatcher.php(91): Cake\Http\ControllerFactory->create(Object(Cake\Http\ServerRequest), Object(Cake\Http\Response))
#4 /var/www/html/CarspreeAng/cakephp3/vendor/cakephp/cakephp/src/Http/BaseApplication.php(235): Cake\Http\ActionDispatcher->dispatch(Object(Cake\Http\ServerRequest), Object(Cake\Http\Response))
#5 /var/www/html/CarspreeAng/cakephp3/vendor/cakephp/cakephp/src/Http/Runner.php(65): Cake\Http\BaseApplication->__invoke(Object(Cake\Http\ServerRequest), Object(Cake\Http\Response), Object(Cake\Http\Runner))
#6 /var/www/html/CarspreeAng/cakephp3/vendor/cakephp/cakephp/src/Http/Middleware/CsrfProtectionMiddleware.php(103): Cake\Http\Runner->__invoke(Object(Cake\Http\ServerRequest), Object(Cake\Http\Response))
#7 /var/www/html/CarspreeAng/cakephp3/vendor/cakephp/cakephp/src/Http/Runner.php(65): Cake\Http\Middleware\CsrfProtectionMiddleware->__invoke(Object(Cake\Http\ServerRequest), Object(Cake\Http\Response), Object(Cake\Http\Runner))
#8 /var/www/html/CarspreeAng/cakephp3/vendor/cakephp/cakephp/src/Routing/Middleware/RoutingMiddleware.php(156): Cake\Http\Runner->__invoke(Object(Cake\Http\ServerRequest), Object(Cake\Http\Response))
#9 /var/www/html/CarspreeAng/cakephp3/vendor/cakephp/cakephp/src/Http/Runner.php(65): Cake\Routing\Middleware\RoutingMiddleware->__invoke(Object(Cake\Http\ServerRequest), Object(Cake\Http\Response), Object(Cake\Http\Runner))
#10 /var/www/html/CarspreeAng/cakephp3/vendor/cakephp/cakephp/src/Routing/Middleware/AssetMiddleware.php(88): Cake\Http\Runner->__invoke(Object(Cake\Http\ServerRequest), Object(Cake\Http\Response))
#11 /var/www/html/CarspreeAng/cakephp3/vendor/cakephp/cakephp/src/Http/Runner.php(65): Cake\Routing\Middleware\AssetMiddleware->__invoke(Object(Cake\Http\ServerRequest), Object(Cake\Http\Response), Object(Cake\Http\Runner))
#12 /var/www/html/CarspreeAng/cakephp3/vendor/cakephp/cakephp/src/Error/Middleware/ErrorHandlerMiddleware.php(98): Cake\Http\Runner->__invoke(Object(Cake\Http\ServerRequest), Object(Cake\Http\Response))
#13 /var/www/html/CarspreeAng/cakephp3/vendor/cakephp/cakephp/src/Http/Runner.php(65): Cake\Error\Middleware\ErrorHandlerMiddleware->__invoke(Object(Cake\Http\ServerRequest), Object(Cake\Http\Response), Object(Cake\Http\Runner))
#14 /var/www/html/CarspreeAng/cakephp3/vendor/cakephp/cakephp/src/Http/Runner.php(51): Cake\Http\Runner->__invoke(Object(Cake\Http\ServerRequest), Object(Cake\Http\Response))
#15 /var/www/html/CarspreeAng/cakephp3/vendor/cakephp/cakephp/src/Http/Server.php(98): Cake\Http\Runner->run(Object(Cake\Http\MiddlewareQueue), Object(Cake\Http\ServerRequest), Object(Cake\Http\Response))
#16 /var/www/html/CarspreeAng/cakephp3/webroot/index.php(40): Cake\Http\Server->run()
#17 {main}


2018-09-03 10:09:50 Warning: DebugKit not enabled. You need to either install pdo_sqlite, or define the "debug_kit" connection name.
2018-09-03 10:09:50 Error: [Error] Call to a member function config() on boolean
Request URL: /brands/index
Referer URL: http://localhost:4200/
Stack Trace:
#0 /var/www/html/CarspreeAng/cakephp3/vendor/cakephp/cakephp/src/Controller/Controller.php(272): App\Controller\BrandsController->initialize()
#1 [internal function]: Cake\Controller\Controller->__construct(Object(Cake\Http\ServerRequest), Object(Cake\Http\Response))
#2 /var/www/html/CarspreeAng/cakephp3/vendor/cakephp/cakephp/src/Http/ControllerFactory.php(46): ReflectionClass->newInstance(Object(Cake\Http\ServerRequest), Object(Cake\Http\Response))
#3 /var/www/html/CarspreeAng/cakephp3/vendor/cakephp/cakephp/src/Http/ActionDispatcher.php(91): Cake\Http\ControllerFactory->create(Object(Cake\Http\ServerRequest), Object(Cake\Http\Response))
#4 /var/www/html/CarspreeAng/cakephp3/vendor/cakephp/cakephp/src/Http/BaseApplication.php(235): Cake\Http\ActionDispatcher->dispatch(Object(Cake\Http\ServerRequest), Object(Cake\Http\Response))
#5 /var/www/html/CarspreeAng/cakephp3/vendor/cakephp/cakephp/src/Http/Runner.php(65): Cake\Http\BaseApplication->__invoke(Object(Cake\Http\ServerRequest), Object(Cake\Http\Response), Object(Cake\Http\Runner))
#6 /var/www/html/CarspreeAng/cakephp3/vendor/cakephp/cakephp/src/Http/Middleware/CsrfProtectionMiddleware.php(103): Cake\Http\Runner->__invoke(Object(Cake\Http\ServerRequest), Object(Cake\Http\Response))
#7 /var/www/html/CarspreeAng/cakephp3/vendor/cakephp/cakephp/src/Http/Runner.php(65): Cake\Http\Middleware\CsrfProtectionMiddleware->__invoke(Object(Cake\Http\ServerRequest), Object(Cake\Http\Response), Object(Cake\Http\Runner))
#8 /var/www/html/CarspreeAng/cakephp3/vendor/cakephp/cakephp/src/Routing/Middleware/RoutingMiddleware.php(156): Cake\Http\Runner->__invoke(Object(Cake\Http\ServerRequest), Object(Cake\Http\Response))
#9 /var/www/html/CarspreeAng/cakephp3/vendor/cakephp/cakephp/src/Http/Runner.php(65): Cake\Routing\Middleware\RoutingMiddleware->__invoke(Object(Cake\Http\ServerRequest), Object(Cake\Http\Response), Object(Cake\Http\Runner))
#10 /var/www/html/CarspreeAng/cakephp3/vendor/cakephp/cakephp/src/Routing/Middleware/AssetMiddleware.php(88): Cake\Http\Runner->__invoke(Object(Cake\Http\ServerRequest), Object(Cake\Http\Response))
#11 /var/www/html/CarspreeAng/cakephp3/vendor/cakephp/cakephp/src/Http/Runner.php(65): Cake\Routing\Middleware\AssetMiddleware->__invoke(Object(Cake\Http\ServerRequest), Object(Cake\Http\Response), Object(Cake\Http\Runner))
#12 /var/www/html/CarspreeAng/cakephp3/vendor/cakephp/cakephp/src/Error/Middleware/ErrorHandlerMiddleware.php(98): Cake\Http\Runner->__invoke(Object(Cake\Http\ServerRequest), Object(Cake\Http\Response))
#13 /var/www/html/CarspreeAng/cakephp3/vendor/cakephp/cakephp/src/Http/Runner.php(65): Cake\Error\Middleware\ErrorHandlerMiddleware->__invoke(Object(Cake\Http\ServerRequest), Object(Cake\Http\Response), Object(Cake\Http\Runner))
#14 /var/www/html/CarspreeAng/cakephp3/vendor/cakephp/cakephp/src/Http/Runner.php(51): Cake\Http\Runner->__invoke(Object(Cake\Http\ServerRequest), Object(Cake\Http\Response))
#15 /var/www/html/CarspreeAng/cakephp3/vendor/cakephp/cakephp/src/Http/Server.php(98): Cake\Http\Runner->run(Object(Cake\Http\MiddlewareQueue), Object(Cake\Http\ServerRequest), Object(Cake\Http\Response))
#16 /var/www/html/CarspreeAng/cakephp3/webroot/index.php(40): Cake\Http\Server->run()
#17 {main}


2018-09-03 10:11:06 Warning: DebugKit not enabled. You need to either install pdo_sqlite, or define the "debug_kit" connection name.
2018-09-03 10:11:06 Error: [Error] Call to a member function config() on boolean
Request URL: /brands/index
Referer URL: http://localhost:4200/
Stack Trace:
#0 /var/www/html/CarspreeAng/cakephp3/vendor/cakephp/cakephp/src/Controller/Controller.php(272): App\Controller\BrandsController->initialize()
#1 [internal function]: Cake\Controller\Controller->__construct(Object(Cake\Http\ServerRequest), Object(Cake\Http\Response))
#2 /var/www/html/CarspreeAng/cakephp3/vendor/cakephp/cakephp/src/Http/ControllerFactory.php(46): ReflectionClass->newInstance(Object(Cake\Http\ServerRequest), Object(Cake\Http\Response))
#3 /var/www/html/CarspreeAng/cakephp3/vendor/cakephp/cakephp/src/Http/ActionDispatcher.php(91): Cake\Http\ControllerFactory->create(Object(Cake\Http\ServerRequest), Object(Cake\Http\Response))
#4 /var/www/html/CarspreeAng/cakephp3/vendor/cakephp/cakephp/src/Http/BaseApplication.php(235): Cake\Http\ActionDispatcher->dispatch(Object(Cake\Http\ServerRequest), Object(Cake\Http\Response))
#5 /var/www/html/CarspreeAng/cakephp3/vendor/cakephp/cakephp/src/Http/Runner.php(65): Cake\Http\BaseApplication->__invoke(Object(Cake\Http\ServerRequest), Object(Cake\Http\Response), Object(Cake\Http\Runner))
#6 /var/www/html/CarspreeAng/cakephp3/vendor/cakephp/cakephp/src/Http/Middleware/CsrfProtectionMiddleware.php(103): Cake\Http\Runner->__invoke(Object(Cake\Http\ServerRequest), Object(Cake\Http\Response))
#7 /var/www/html/CarspreeAng/cakephp3/vendor/cakephp/cakephp/src/Http/Runner.php(65): Cake\Http\Middleware\CsrfProtectionMiddleware->__invoke(Object(Cake\Http\ServerRequest), Object(Cake\Http\Response), Object(Cake\Http\Runner))
#8 /var/www/html/CarspreeAng/cakephp3/vendor/cakephp/cakephp/src/Routing/Middleware/RoutingMiddleware.php(156): Cake\Http\Runner->__invoke(Object(Cake\Http\ServerRequest), Object(Cake\Http\Response))
#9 /var/www/html/CarspreeAng/cakephp3/vendor/cakephp/cakephp/src/Http/Runner.php(65): Cake\Routing\Middleware\RoutingMiddleware->__invoke(Object(Cake\Http\ServerRequest), Object(Cake\Http\Response), Object(Cake\Http\Runner))
#10 /var/www/html/CarspreeAng/cakephp3/vendor/cakephp/cakephp/src/Routing/Middleware/AssetMiddleware.php(88): Cake\Http\Runner->__invoke(Object(Cake\Http\ServerRequest), Object(Cake\Http\Response))
#11 /var/www/html/CarspreeAng/cakephp3/vendor/cakephp/cakephp/src/Http/Runner.php(65): Cake\Routing\Middleware\AssetMiddleware->__invoke(Object(Cake\Http\ServerRequest), Object(Cake\Http\Response), Object(Cake\Http\Runner))
#12 /var/www/html/CarspreeAng/cakephp3/vendor/cakephp/cakephp/src/Error/Middleware/ErrorHandlerMiddleware.php(98): Cake\Http\Runner->__invoke(Object(Cake\Http\ServerRequest), Object(Cake\Http\Response))
#13 /var/www/html/CarspreeAng/cakephp3/vendor/cakephp/cakephp/src/Http/Runner.php(65): Cake\Error\Middleware\ErrorHandlerMiddleware->__invoke(Object(Cake\Http\ServerRequest), Object(Cake\Http\Response), Object(Cake\Http\Runner))
#14 /var/www/html/CarspreeAng/cakephp3/vendor/cakephp/cakephp/src/Http/Runner.php(51): Cake\Http\Runner->__invoke(Object(Cake\Http\ServerRequest), Object(Cake\Http\Response))
#15 /var/www/html/CarspreeAng/cakephp3/vendor/cakephp/cakephp/src/Http/Server.php(98): Cake\Http\Runner->run(Object(Cake\Http\MiddlewareQueue), Object(Cake\Http\ServerRequest), Object(Cake\Http\Response))
#16 /var/www/html/CarspreeAng/cakephp3/webroot/index.php(40): Cake\Http\Server->run()
#17 {main}


2018-09-03 10:11:22 Warning: DebugKit not enabled. You need to either install pdo_sqlite, or define the "debug_kit" connection name.
2018-09-03 10:11:22 Error: [Error] Call to a member function config() on boolean
Request URL: /brands/index
Referer URL: http://localhost:4200/
Stack Trace:
#0 /var/www/html/CarspreeAng/cakephp3/vendor/cakephp/cakephp/src/Controller/Controller.php(272): App\Controller\BrandsController->initialize()
#1 [internal function]: Cake\Controller\Controller->__construct(Object(Cake\Http\ServerRequest), Object(Cake\Http\Response))
#2 /var/www/html/CarspreeAng/cakephp3/vendor/cakephp/cakephp/src/Http/ControllerFactory.php(46): ReflectionClass->newInstance(Object(Cake\Http\ServerRequest), Object(Cake\Http\Response))
#3 /var/www/html/CarspreeAng/cakephp3/vendor/cakephp/cakephp/src/Http/ActionDispatcher.php(91): Cake\Http\ControllerFactory->create(Object(Cake\Http\ServerRequest), Object(Cake\Http\Response))
#4 /var/www/html/CarspreeAng/cakephp3/vendor/cakephp/cakephp/src/Http/BaseApplication.php(235): Cake\Http\ActionDispatcher->dispatch(Object(Cake\Http\ServerRequest), Object(Cake\Http\Response))
#5 /var/www/html/CarspreeAng/cakephp3/vendor/cakephp/cakephp/src/Http/Runner.php(65): Cake\Http\BaseApplication->__invoke(Object(Cake\Http\ServerRequest), Object(Cake\Http\Response), Object(Cake\Http\Runner))
#6 /var/www/html/CarspreeAng/cakephp3/vendor/cakephp/cakephp/src/Http/Middleware/CsrfProtectionMiddleware.php(103): Cake\Http\Runner->__invoke(Object(Cake\Http\ServerRequest), Object(Cake\Http\Response))
#7 /var/www/html/CarspreeAng/cakephp3/vendor/cakephp/cakephp/src/Http/Runner.php(65): Cake\Http\Middleware\CsrfProtectionMiddleware->__invoke(Object(Cake\Http\ServerRequest), Object(Cake\Http\Response), Object(Cake\Http\Runner))
#8 /var/www/html/CarspreeAng/cakephp3/vendor/cakephp/cakephp/src/Routing/Middleware/RoutingMiddleware.php(156): Cake\Http\Runner->__invoke(Object(Cake\Http\ServerRequest), Object(Cake\Http\Response))
#9 /var/www/html/CarspreeAng/cakephp3/vendor/cakephp/cakephp/src/Http/Runner.php(65): Cake\Routing\Middleware\RoutingMiddleware->__invoke(Object(Cake\Http\ServerRequest), Object(Cake\Http\Response), Object(Cake\Http\Runner))
#10 /var/www/html/CarspreeAng/cakephp3/vendor/cakephp/cakephp/src/Routing/Middleware/AssetMiddleware.php(88): Cake\Http\Runner->__invoke(Object(Cake\Http\ServerRequest), Object(Cake\Http\Response))
#11 /var/www/html/CarspreeAng/cakephp3/vendor/cakephp/cakephp/src/Http/Runner.php(65): Cake\Routing\Middleware\AssetMiddleware->__invoke(Object(Cake\Http\ServerRequest), Object(Cake\Http\Response), Object(Cake\Http\Runner))
#12 /var/www/html/CarspreeAng/cakephp3/vendor/cakephp/cakephp/src/Error/Middleware/ErrorHandlerMiddleware.php(98): Cake\Http\Runner->__invoke(Object(Cake\Http\ServerRequest), Object(Cake\Http\Response))
#13 /var/www/html/CarspreeAng/cakephp3/vendor/cakephp/cakephp/src/Http/Runner.php(65): Cake\Error\Middleware\ErrorHandlerMiddleware->__invoke(Object(Cake\Http\ServerRequest), Object(Cake\Http\Response), Object(Cake\Http\Runner))
#14 /var/www/html/CarspreeAng/cakephp3/vendor/cakephp/cakephp/src/Http/Runner.php(51): Cake\Http\Runner->__invoke(Object(Cake\Http\ServerRequest), Object(Cake\Http\Response))
#15 /var/www/html/CarspreeAng/cakephp3/vendor/cakephp/cakephp/src/Http/Server.php(98): Cake\Http\Runner->run(Object(Cake\Http\MiddlewareQueue), Object(Cake\Http\ServerRequest), Object(Cake\Http\Response))
#16 /var/www/html/CarspreeAng/cakephp3/webroot/index.php(40): Cake\Http\Server->run()
#17 {main}


2018-09-03 10:11:22 Warning: DebugKit not enabled. You need to either install pdo_sqlite, or define the "debug_kit" connection name.
2018-09-03 10:11:22 Error: [Error] Call to a member function config() on boolean
Request URL: /brands/index
Referer URL: http://localhost:4200/
Stack Trace:
#0 /var/www/html/CarspreeAng/cakephp3/vendor/cakephp/cakephp/src/Controller/Controller.php(272): App\Controller\BrandsController->initialize()
#1 [internal function]: Cake\Controller\Controller->__construct(Object(Cake\Http\ServerRequest), Object(Cake\Http\Response))
#2 /var/www/html/CarspreeAng/cakephp3/vendor/cakephp/cakephp/src/Http/ControllerFactory.php(46): ReflectionClass->newInstance(Object(Cake\Http\ServerRequest), Object(Cake\Http\Response))
#3 /var/www/html/CarspreeAng/cakephp3/vendor/cakephp/cakephp/src/Http/ActionDispatcher.php(91): Cake\Http\ControllerFactory->create(Object(Cake\Http\ServerRequest), Object(Cake\Http\Response))
#4 /var/www/html/CarspreeAng/cakephp3/vendor/cakephp/cakephp/src/Http/BaseApplication.php(235): Cake\Http\ActionDispatcher->dispatch(Object(Cake\Http\ServerRequest), Object(Cake\Http\Response))
#5 /var/www/html/CarspreeAng/cakephp3/vendor/cakephp/cakephp/src/Http/Runner.php(65): Cake\Http\BaseApplication->__invoke(Object(Cake\Http\ServerRequest), Object(Cake\Http\Response), Object(Cake\Http\Runner))
#6 /var/www/html/CarspreeAng/cakephp3/vendor/cakephp/cakephp/src/Http/Middleware/CsrfProtectionMiddleware.php(103): Cake\Http\Runner->__invoke(Object(Cake\Http\ServerRequest), Object(Cake\Http\Response))
#7 /var/www/html/CarspreeAng/cakephp3/vendor/cakephp/cakephp/src/Http/Runner.php(65): Cake\Http\Middleware\CsrfProtectionMiddleware->__invoke(Object(Cake\Http\ServerRequest), Object(Cake\Http\Response), Object(Cake\Http\Runner))
#8 /var/www/html/CarspreeAng/cakephp3/vendor/cakephp/cakephp/src/Routing/Middleware/RoutingMiddleware.php(156): Cake\Http\Runner->__invoke(Object(Cake\Http\ServerRequest), Object(Cake\Http\Response))
#9 /var/www/html/CarspreeAng/cakephp3/vendor/cakephp/cakephp/src/Http/Runner.php(65): Cake\Routing\Middleware\RoutingMiddleware->__invoke(Object(Cake\Http\ServerRequest), Object(Cake\Http\Response), Object(Cake\Http\Runner))
#10 /var/www/html/CarspreeAng/cakephp3/vendor/cakephp/cakephp/src/Routing/Middleware/AssetMiddleware.php(88): Cake\Http\Runner->__invoke(Object(Cake\Http\ServerRequest), Object(Cake\Http\Response))
#11 /var/www/html/CarspreeAng/cakephp3/vendor/cakephp/cakephp/src/Http/Runner.php(65): Cake\Routing\Middleware\AssetMiddleware->__invoke(Object(Cake\Http\ServerRequest), Object(Cake\Http\Response), Object(Cake\Http\Runner))
#12 /var/www/html/CarspreeAng/cakephp3/vendor/cakephp/cakephp/src/Error/Middleware/ErrorHandlerMiddleware.php(98): Cake\Http\Runner->__invoke(Object(Cake\Http\ServerRequest), Object(Cake\Http\Response))
#13 /var/www/html/CarspreeAng/cakephp3/vendor/cakephp/cakephp/src/Http/Runner.php(65): Cake\Error\Middleware\ErrorHandlerMiddleware->__invoke(Object(Cake\Http\ServerRequest), Object(Cake\Http\Response), Object(Cake\Http\Runner))
#14 /var/www/html/CarspreeAng/cakephp3/vendor/cakephp/cakephp/src/Http/Runner.php(51): Cake\Http\Runner->__invoke(Object(Cake\Http\ServerRequest), Object(Cake\Http\Response))
#15 /var/www/html/CarspreeAng/cakephp3/vendor/cakephp/cakephp/src/Http/Server.php(98): Cake\Http\Runner->run(Object(Cake\Http\MiddlewareQueue), Object(Cake\Http\ServerRequest), Object(Cake\Http\Response))
#16 /var/www/html/CarspreeAng/cakephp3/webroot/index.php(40): Cake\Http\Server->run()
#17 {main}


2018-09-03 10:15:39 Warning: DebugKit not enabled. You need to either install pdo_sqlite, or define the "debug_kit" connection name.
2018-09-03 10:15:39 Error: [Error] Call to a member function config() on boolean
Request URL: /brands/index
Stack Trace:
#0 /var/www/html/CarspreeAng/cakephp3/vendor/cakephp/cakephp/src/Controller/Controller.php(272): App\Controller\BrandsController->initialize()
#1 [internal function]: Cake\Controller\Controller->__construct(Object(Cake\Http\ServerRequest), Object(Cake\Http\Response))
#2 /var/www/html/CarspreeAng/cakephp3/vendor/cakephp/cakephp/src/Http/ControllerFactory.php(46): ReflectionClass->newInstance(Object(Cake\Http\ServerRequest), Object(Cake\Http\Response))
#3 /var/www/html/CarspreeAng/cakephp3/vendor/cakephp/cakephp/src/Http/ActionDispatcher.php(91): Cake\Http\ControllerFactory->create(Object(Cake\Http\ServerRequest), Object(Cake\Http\Response))
#4 /var/www/html/CarspreeAng/cakephp3/vendor/cakephp/cakephp/src/Http/BaseApplication.php(235): Cake\Http\ActionDispatcher->dispatch(Object(Cake\Http\ServerRequest), Object(Cake\Http\Response))
#5 /var/www/html/CarspreeAng/cakephp3/vendor/cakephp/cakephp/src/Http/Runner.php(65): Cake\Http\BaseApplication->__invoke(Object(Cake\Http\ServerRequest), Object(Cake\Http\Response), Object(Cake\Http\Runner))
#6 /var/www/html/CarspreeAng/cakephp3/vendor/cakephp/cakephp/src/Http/Middleware/CsrfProtectionMiddleware.php(103): Cake\Http\Runner->__invoke(Object(Cake\Http\ServerRequest), Object(Cake\Http\Response))
#7 /var/www/html/CarspreeAng/cakephp3/vendor/cakephp/cakephp/src/Http/Runner.php(65): Cake\Http\Middleware\CsrfProtectionMiddleware->__invoke(Object(Cake\Http\ServerRequest), Object(Cake\Http\Response), Object(Cake\Http\Runner))
#8 /var/www/html/CarspreeAng/cakephp3/vendor/cakephp/cakephp/src/Routing/Middleware/RoutingMiddleware.php(156): Cake\Http\Runner->__invoke(Object(Cake\Http\ServerRequest), Object(Cake\Http\Response))
#9 /var/www/html/CarspreeAng/cakephp3/vendor/cakephp/cakephp/src/Http/Runner.php(65): Cake\Routing\Middleware\RoutingMiddleware->__invoke(Object(Cake\Http\ServerRequest), Object(Cake\Http\Response), Object(Cake\Http\Runner))
#10 /var/www/html/CarspreeAng/cakephp3/vendor/cakephp/cakephp/src/Routing/Middleware/AssetMiddleware.php(88): Cake\Http\Runner->__invoke(Object(Cake\Http\ServerRequest), Object(Cake\Http\Response))
#11 /var/www/html/CarspreeAng/cakephp3/vendor/cakephp/cakephp/src/Http/Runner.php(65): Cake\Routing\Middleware\AssetMiddleware->__invoke(Object(Cake\Http\ServerRequest), Object(Cake\Http\Response), Object(Cake\Http\Runner))
#12 /var/www/html/CarspreeAng/cakephp3/vendor/cakephp/cakephp/src/Error/Middleware/ErrorHandlerMiddleware.php(98): Cake\Http\Runner->__invoke(Object(Cake\Http\ServerRequest), Object(Cake\Http\Response))
#13 /var/www/html/CarspreeAng/cakephp3/vendor/cakephp/cakephp/src/Http/Runner.php(65): Cake\Error\Middleware\ErrorHandlerMiddleware->__invoke(Object(Cake\Http\ServerRequest), Object(Cake\Http\Response), Object(Cake\Http\Runner))
#14 /var/www/html/CarspreeAng/cakephp3/vendor/cakephp/cakephp/src/Http/Runner.php(51): Cake\Http\Runner->__invoke(Object(Cake\Http\ServerRequest), Object(Cake\Http\Response))
#15 /var/www/html/CarspreeAng/cakephp3/vendor/cakephp/cakephp/src/Http/Server.php(98): Cake\Http\Runner->run(Object(Cake\Http\MiddlewareQueue), Object(Cake\Http\ServerRequest), Object(Cake\Http\Response))
#16 /var/www/html/CarspreeAng/cakephp3/webroot/index.php(40): Cake\Http\Server->run()
#17 {main}


2018-09-03 10:16:28 Warning: DebugKit not enabled. You need to either install pdo_sqlite, or define the "debug_kit" connection name.
2018-09-03 10:16:28 Error: [Error] Call to a member function config() on boolean
Request URL: /brands/index
Stack Trace:
#0 /var/www/html/CarspreeAng/cakephp3/vendor/cakephp/cakephp/src/Controller/Controller.php(272): App\Controller\BrandsController->initialize()
#1 [internal function]: Cake\Controller\Controller->__construct(Object(Cake\Http\ServerRequest), Object(Cake\Http\Response))
#2 /var/www/html/CarspreeAng/cakephp3/vendor/cakephp/cakephp/src/Http/ControllerFactory.php(46): ReflectionClass->newInstance(Object(Cake\Http\ServerRequest), Object(Cake\Http\Response))
#3 /var/www/html/CarspreeAng/cakephp3/vendor/cakephp/cakephp/src/Http/ActionDispatcher.php(91): Cake\Http\ControllerFactory->create(Object(Cake\Http\ServerRequest), Object(Cake\Http\Response))
#4 /var/www/html/CarspreeAng/cakephp3/vendor/cakephp/cakephp/src/Http/BaseApplication.php(235): Cake\Http\ActionDispatcher->dispatch(Object(Cake\Http\ServerRequest), Object(Cake\Http\Response))
#5 /var/www/html/CarspreeAng/cakephp3/vendor/cakephp/cakephp/src/Http/Runner.php(65): Cake\Http\BaseApplication->__invoke(Object(Cake\Http\ServerRequest), Object(Cake\Http\Response), Object(Cake\Http\Runner))
#6 /var/www/html/CarspreeAng/cakephp3/vendor/cakephp/cakephp/src/Http/Middleware/CsrfProtectionMiddleware.php(103): Cake\Http\Runner->__invoke(Object(Cake\Http\ServerRequest), Object(Cake\Http\Response))
#7 /var/www/html/CarspreeAng/cakephp3/vendor/cakephp/cakephp/src/Http/Runner.php(65): Cake\Http\Middleware\CsrfProtectionMiddleware->__invoke(Object(Cake\Http\ServerRequest), Object(Cake\Http\Response), Object(Cake\Http\Runner))
#8 /var/www/html/CarspreeAng/cakephp3/vendor/cakephp/cakephp/src/Routing/Middleware/RoutingMiddleware.php(156): Cake\Http\Runner->__invoke(Object(Cake\Http\ServerRequest), Object(Cake\Http\Response))
#9 /var/www/html/CarspreeAng/cakephp3/vendor/cakephp/cakephp/src/Http/Runner.php(65): Cake\Routing\Middleware\RoutingMiddleware->__invoke(Object(Cake\Http\ServerRequest), Object(Cake\Http\Response), Object(Cake\Http\Runner))
#10 /var/www/html/CarspreeAng/cakephp3/vendor/cakephp/cakephp/src/Routing/Middleware/AssetMiddleware.php(88): Cake\Http\Runner->__invoke(Object(Cake\Http\ServerRequest), Object(Cake\Http\Response))
#11 /var/www/html/CarspreeAng/cakephp3/vendor/cakephp/cakephp/src/Http/Runner.php(65): Cake\Routing\Middleware\AssetMiddleware->__invoke(Object(Cake\Http\ServerRequest), Object(Cake\Http\Response), Object(Cake\Http\Runner))
#12 /var/www/html/CarspreeAng/cakephp3/vendor/cakephp/cakephp/src/Error/Middleware/ErrorHandlerMiddleware.php(98): Cake\Http\Runner->__invoke(Object(Cake\Http\ServerRequest), Object(Cake\Http\Response))
#13 /var/www/html/CarspreeAng/cakephp3/vendor/cakephp/cakephp/src/Http/Runner.php(65): Cake\Error\Middleware\ErrorHandlerMiddleware->__invoke(Object(Cake\Http\ServerRequest), Object(Cake\Http\Response), Object(Cake\Http\Runner))
#14 /var/www/html/CarspreeAng/cakephp3/vendor/cakephp/cakephp/src/Http/Runner.php(51): Cake\Http\Runner->__invoke(Object(Cake\Http\ServerRequest), Object(Cake\Http\Response))
#15 /var/www/html/CarspreeAng/cakephp3/vendor/cakephp/cakephp/src/Http/Server.php(98): Cake\Http\Runner->run(Object(Cake\Http\MiddlewareQueue), Object(Cake\Http\ServerRequest), Object(Cake\Http\Response))
#16 /var/www/html/CarspreeAng/cakephp3/webroot/index.php(40): Cake\Http\Server->run()
#17 {main}


2018-09-03 10:17:07 Warning: DebugKit not enabled. You need to either install pdo_sqlite, or define the "debug_kit" connection name.
2018-09-03 10:17:07 Error: [Error] Call to a member function config() on boolean
Request URL: /brands/index
Stack Trace:
#0 /var/www/html/CarspreeAng/cakephp3/vendor/cakephp/cakephp/src/Controller/Controller.php(272): App\Controller\BrandsController->initialize()
#1 [internal function]: Cake\Controller\Controller->__construct(Object(Cake\Http\ServerRequest), Object(Cake\Http\Response))
#2 /var/www/html/CarspreeAng/cakephp3/vendor/cakephp/cakephp/src/Http/ControllerFactory.php(46): ReflectionClass->newInstance(Object(Cake\Http\ServerRequest), Object(Cake\Http\Response))
#3 /var/www/html/CarspreeAng/cakephp3/vendor/cakephp/cakephp/src/Http/ActionDispatcher.php(91): Cake\Http\ControllerFactory->create(Object(Cake\Http\ServerRequest), Object(Cake\Http\Response))
#4 /var/www/html/CarspreeAng/cakephp3/vendor/cakephp/cakephp/src/Http/BaseApplication.php(235): Cake\Http\ActionDispatcher->dispatch(Object(Cake\Http\ServerRequest), Object(Cake\Http\Response))
#5 /var/www/html/CarspreeAng/cakephp3/vendor/cakephp/cakephp/src/Http/Runner.php(65): Cake\Http\BaseApplication->__invoke(Object(Cake\Http\ServerRequest), Object(Cake\Http\Response), Object(Cake\Http\Runner))
#6 /var/www/html/CarspreeAng/cakephp3/vendor/cakephp/cakephp/src/Http/Middleware/CsrfProtectionMiddleware.php(103): Cake\Http\Runner->__invoke(Object(Cake\Http\ServerRequest), Object(Cake\Http\Response))
#7 /var/www/html/CarspreeAng/cakephp3/vendor/cakephp/cakephp/src/Http/Runner.php(65): Cake\Http\Middleware\CsrfProtectionMiddleware->__invoke(Object(Cake\Http\ServerRequest), Object(Cake\Http\Response), Object(Cake\Http\Runner))
#8 /var/www/html/CarspreeAng/cakephp3/vendor/cakephp/cakephp/src/Routing/Middleware/RoutingMiddleware.php(156): Cake\Http\Runner->__invoke(Object(Cake\Http\ServerRequest), Object(Cake\Http\Response))
#9 /var/www/html/CarspreeAng/cakephp3/vendor/cakephp/cakephp/src/Http/Runner.php(65): Cake\Routing\Middleware\RoutingMiddleware->__invoke(Object(Cake\Http\ServerRequest), Object(Cake\Http\Response), Object(Cake\Http\Runner))
#10 /var/www/html/CarspreeAng/cakephp3/vendor/cakephp/cakephp/src/Routing/Middleware/AssetMiddleware.php(88): Cake\Http\Runner->__invoke(Object(Cake\Http\ServerRequest), Object(Cake\Http\Response))
#11 /var/www/html/CarspreeAng/cakephp3/vendor/cakephp/cakephp/src/Http/Runner.php(65): Cake\Routing\Middleware\AssetMiddleware->__invoke(Object(Cake\Http\ServerRequest), Object(Cake\Http\Response), Object(Cake\Http\Runner))
#12 /var/www/html/CarspreeAng/cakephp3/vendor/cakephp/cakephp/src/Error/Middleware/ErrorHandlerMiddleware.php(98): Cake\Http\Runner->__invoke(Object(Cake\Http\ServerRequest), Object(Cake\Http\Response))
#13 /var/www/html/CarspreeAng/cakephp3/vendor/cakephp/cakephp/src/Http/Runner.php(65): Cake\Error\Middleware\ErrorHandlerMiddleware->__invoke(Object(Cake\Http\ServerRequest), Object(Cake\Http\Response), Object(Cake\Http\Runner))
#14 /var/www/html/CarspreeAng/cakephp3/vendor/cakephp/cakephp/src/Http/Runner.php(51): Cake\Http\Runner->__invoke(Object(Cake\Http\ServerRequest), Object(Cake\Http\Response))
#15 /var/www/html/CarspreeAng/cakephp3/vendor/cakephp/cakephp/src/Http/Server.php(98): Cake\Http\Runner->run(Object(Cake\Http\MiddlewareQueue), Object(Cake\Http\ServerRequest), Object(Cake\Http\Response))
#16 /var/www/html/CarspreeAng/cakephp3/webroot/index.php(40): Cake\Http\Server->run()
#17 {main}


2018-09-03 10:17:21 Warning: DebugKit not enabled. You need to either install pdo_sqlite, or define the "debug_kit" connection name.
2018-09-03 10:17:57 Warning: DebugKit not enabled. You need to either install pdo_sqlite, or define the "debug_kit" connection name.
2018-09-03 10:36:57 Warning: DebugKit not enabled. You need to either install pdo_sqlite, or define the "debug_kit" connection name.
2018-09-03 10:36:57 Warning: DebugKit not enabled. You need to either install pdo_sqlite, or define the "debug_kit" connection name.
2018-09-03 10:37:45 Warning: DebugKit not enabled. You need to either install pdo_sqlite, or define the "debug_kit" connection name.
2018-09-03 10:37:45 Error: [Error] Call to a member function config() on boolean
Request URL: /brands/index
Referer URL: http://localhost:4200/
Stack Trace:
#0 /var/www/html/CarspreeAng/cakephp3/vendor/cakephp/cakephp/src/Controller/Controller.php(272): App\Controller\BrandsController->initialize()
#1 [internal function]: Cake\Controller\Controller->__construct(Object(Cake\Http\ServerRequest), Object(Cake\Http\Response))
#2 /var/www/html/CarspreeAng/cakephp3/vendor/cakephp/cakephp/src/Http/ControllerFactory.php(46): ReflectionClass->newInstance(Object(Cake\Http\ServerRequest), Object(Cake\Http\Response))
#3 /var/www/html/CarspreeAng/cakephp3/vendor/cakephp/cakephp/src/Http/ActionDispatcher.php(91): Cake\Http\ControllerFactory->create(Object(Cake\Http\ServerRequest), Object(Cake\Http\Response))
#4 /var/www/html/CarspreeAng/cakephp3/vendor/cakephp/cakephp/src/Http/BaseApplication.php(235): Cake\Http\ActionDispatcher->dispatch(Object(Cake\Http\ServerRequest), Object(Cake\Http\Response))
#5 /var/www/html/CarspreeAng/cakephp3/vendor/cakephp/cakephp/src/Http/Runner.php(65): Cake\Http\BaseApplication->__invoke(Object(Cake\Http\ServerRequest), Object(Cake\Http\Response), Object(Cake\Http\Runner))
#6 /var/www/html/CarspreeAng/cakephp3/vendor/cakephp/cakephp/src/Http/Middleware/CsrfProtectionMiddleware.php(103): Cake\Http\Runner->__invoke(Object(Cake\Http\ServerRequest), Object(Cake\Http\Response))
#7 /var/www/html/CarspreeAng/cakephp3/vendor/cakephp/cakephp/src/Http/Runner.php(65): Cake\Http\Middleware\CsrfProtectionMiddleware->__invoke(Object(Cake\Http\ServerRequest), Object(Cake\Http\Response), Object(Cake\Http\Runner))
#8 /var/www/html/CarspreeAng/cakephp3/vendor/cakephp/cakephp/src/Routing/Middleware/RoutingMiddleware.php(156): Cake\Http\Runner->__invoke(Object(Cake\Http\ServerRequest), Object(Cake\Http\Response))
#9 /var/www/html/CarspreeAng/cakephp3/vendor/cakephp/cakephp/src/Http/Runner.php(65): Cake\Routing\Middleware\RoutingMiddleware->__invoke(Object(Cake\Http\ServerRequest), Object(Cake\Http\Response), Object(Cake\Http\Runner))
#10 /var/www/html/CarspreeAng/cakephp3/vendor/cakephp/cakephp/src/Routing/Middleware/AssetMiddleware.php(88): Cake\Http\Runner->__invoke(Object(Cake\Http\ServerRequest), Object(Cake\Http\Response))
#11 /var/www/html/CarspreeAng/cakephp3/vendor/cakephp/cakephp/src/Http/Runner.php(65): Cake\Routing\Middleware\AssetMiddleware->__invoke(Object(Cake\Http\ServerRequest), Object(Cake\Http\Response), Object(Cake\Http\Runner))
#12 /var/www/html/CarspreeAng/cakephp3/vendor/cakephp/cakephp/src/Error/Middleware/ErrorHandlerMiddleware.php(98): Cake\Http\Runner->__invoke(Object(Cake\Http\ServerRequest), Object(Cake\Http\Response))
#13 /var/www/html/CarspreeAng/cakephp3/vendor/cakephp/cakephp/src/Http/Runner.php(65): Cake\Error\Middleware\ErrorHandlerMiddleware->__invoke(Object(Cake\Http\ServerRequest), Object(Cake\Http\Response), Object(Cake\Http\Runner))
#14 /var/www/html/CarspreeAng/cakephp3/vendor/cakephp/cakephp/src/Http/Runner.php(51): Cake\Http\Runner->__invoke(Object(Cake\Http\ServerRequest), Object(Cake\Http\Response))
#15 /var/www/html/CarspreeAng/cakephp3/vendor/cakephp/cakephp/src/Http/Server.php(98): Cake\Http\Runner->run(Object(Cake\Http\MiddlewareQueue), Object(Cake\Http\ServerRequest), Object(Cake\Http\Response))
#16 /var/www/html/CarspreeAng/cakephp3/webroot/index.php(40): Cake\Http\Server->run()
#17 {main}


2018-09-03 10:37:45 Warning: DebugKit not enabled. You need to either install pdo_sqlite, or define the "debug_kit" connection name.
2018-09-03 10:37:45 Error: [Error] Call to a member function config() on boolean
Request URL: /brands/index
Referer URL: http://localhost:4200/
Stack Trace:
#0 /var/www/html/CarspreeAng/cakephp3/vendor/cakephp/cakephp/src/Controller/Controller.php(272): App\Controller\BrandsController->initialize()
#1 [internal function]: Cake\Controller\Controller->__construct(Object(Cake\Http\ServerRequest), Object(Cake\Http\Response))
#2 /var/www/html/CarspreeAng/cakephp3/vendor/cakephp/cakephp/src/Http/ControllerFactory.php(46): ReflectionClass->newInstance(Object(Cake\Http\ServerRequest), Object(Cake\Http\Response))
#3 /var/www/html/CarspreeAng/cakephp3/vendor/cakephp/cakephp/src/Http/ActionDispatcher.php(91): Cake\Http\ControllerFactory->create(Object(Cake\Http\ServerRequest), Object(Cake\Http\Response))
#4 /var/www/html/CarspreeAng/cakephp3/vendor/cakephp/cakephp/src/Http/BaseApplication.php(235): Cake\Http\ActionDispatcher->dispatch(Object(Cake\Http\ServerRequest), Object(Cake\Http\Response))
#5 /var/www/html/CarspreeAng/cakephp3/vendor/cakephp/cakephp/src/Http/Runner.php(65): Cake\Http\BaseApplication->__invoke(Object(Cake\Http\ServerRequest), Object(Cake\Http\Response), Object(Cake\Http\Runner))
#6 /var/www/html/CarspreeAng/cakephp3/vendor/cakephp/cakephp/src/Http/Middleware/CsrfProtectionMiddleware.php(103): Cake\Http\Runner->__invoke(Object(Cake\Http\ServerRequest), Object(Cake\Http\Response))
#7 /var/www/html/CarspreeAng/cakephp3/vendor/cakephp/cakephp/src/Http/Runner.php(65): Cake\Http\Middleware\CsrfProtectionMiddleware->__invoke(Object(Cake\Http\ServerRequest), Object(Cake\Http\Response), Object(Cake\Http\Runner))
#8 /var/www/html/CarspreeAng/cakephp3/vendor/cakephp/cakephp/src/Routing/Middleware/RoutingMiddleware.php(156): Cake\Http\Runner->__invoke(Object(Cake\Http\ServerRequest), Object(Cake\Http\Response))
#9 /var/www/html/CarspreeAng/cakephp3/vendor/cakephp/cakephp/src/Http/Runner.php(65): Cake\Routing\Middleware\RoutingMiddleware->__invoke(Object(Cake\Http\ServerRequest), Object(Cake\Http\Response), Object(Cake\Http\Runner))
#10 /var/www/html/CarspreeAng/cakephp3/vendor/cakephp/cakephp/src/Routing/Middleware/AssetMiddleware.php(88): Cake\Http\Runner->__invoke(Object(Cake\Http\ServerRequest), Object(Cake\Http\Response))
#11 /var/www/html/CarspreeAng/cakephp3/vendor/cakephp/cakephp/src/Http/Runner.php(65): Cake\Routing\Middleware\AssetMiddleware->__invoke(Object(Cake\Http\ServerRequest), Object(Cake\Http\Response), Object(Cake\Http\Runner))
#12 /var/www/html/CarspreeAng/cakephp3/vendor/cakephp/cakephp/src/Error/Middleware/ErrorHandlerMiddleware.php(98): Cake\Http\Runner->__invoke(Object(Cake\Http\ServerRequest), Object(Cake\Http\Response))
#13 /var/www/html/CarspreeAng/cakephp3/vendor/cakephp/cakephp/src/Http/Runner.php(65): Cake\Error\Middleware\ErrorHandlerMiddleware->__invoke(Object(Cake\Http\ServerRequest), Object(Cake\Http\Response), Object(Cake\Http\Runner))
#14 /var/www/html/CarspreeAng/cakephp3/vendor/cakephp/cakephp/src/Http/Runner.php(51): Cake\Http\Runner->__invoke(Object(Cake\Http\ServerRequest), Object(Cake\Http\Response))
#15 /var/www/html/CarspreeAng/cakephp3/vendor/cakephp/cakephp/src/Http/Server.php(98): Cake\Http\Runner->run(Object(Cake\Http\MiddlewareQueue), Object(Cake\Http\ServerRequest), Object(Cake\Http\Response))
#16 /var/www/html/CarspreeAng/cakephp3/webroot/index.php(40): Cake\Http\Server->run()
#17 {main}


2018-09-03 10:38:30 Warning: DebugKit not enabled. You need to either install pdo_sqlite, or define the "debug_kit" connection name.
2018-09-03 10:38:30 Error: [Error] Call to a member function config() on boolean
Request URL: /brands/index
Stack Trace:
#0 /var/www/html/CarspreeAng/cakephp3/vendor/cakephp/cakephp/src/Controller/Controller.php(272): App\Controller\BrandsController->initialize()
#1 [internal function]: Cake\Controller\Controller->__construct(Object(Cake\Http\ServerRequest), Object(Cake\Http\Response))
#2 /var/www/html/CarspreeAng/cakephp3/vendor/cakephp/cakephp/src/Http/ControllerFactory.php(46): ReflectionClass->newInstance(Object(Cake\Http\ServerRequest), Object(Cake\Http\Response))
#3 /var/www/html/CarspreeAng/cakephp3/vendor/cakephp/cakephp/src/Http/ActionDispatcher.php(91): Cake\Http\ControllerFactory->create(Object(Cake\Http\ServerRequest), Object(Cake\Http\Response))
#4 /var/www/html/CarspreeAng/cakephp3/vendor/cakephp/cakephp/src/Http/BaseApplication.php(235): Cake\Http\ActionDispatcher->dispatch(Object(Cake\Http\ServerRequest), Object(Cake\Http\Response))
#5 /var/www/html/CarspreeAng/cakephp3/vendor/cakephp/cakephp/src/Http/Runner.php(65): Cake\Http\BaseApplication->__invoke(Object(Cake\Http\ServerRequest), Object(Cake\Http\Response), Object(Cake\Http\Runner))
#6 /var/www/html/CarspreeAng/cakephp3/vendor/cakephp/cakephp/src/Http/Middleware/CsrfProtectionMiddleware.php(103): Cake\Http\Runner->__invoke(Object(Cake\Http\ServerRequest), Object(Cake\Http\Response))
#7 /var/www/html/CarspreeAng/cakephp3/vendor/cakephp/cakephp/src/Http/Runner.php(65): Cake\Http\Middleware\CsrfProtectionMiddleware->__invoke(Object(Cake\Http\ServerRequest), Object(Cake\Http\Response), Object(Cake\Http\Runner))
#8 /var/www/html/CarspreeAng/cakephp3/vendor/cakephp/cakephp/src/Routing/Middleware/RoutingMiddleware.php(156): Cake\Http\Runner->__invoke(Object(Cake\Http\ServerRequest), Object(Cake\Http\Response))
#9 /var/www/html/CarspreeAng/cakephp3/vendor/cakephp/cakephp/src/Http/Runner.php(65): Cake\Routing\Middleware\RoutingMiddleware->__invoke(Object(Cake\Http\ServerRequest), Object(Cake\Http\Response), Object(Cake\Http\Runner))
#10 /var/www/html/CarspreeAng/cakephp3/vendor/cakephp/cakephp/src/Routing/Middleware/AssetMiddleware.php(88): Cake\Http\Runner->__invoke(Object(Cake\Http\ServerRequest), Object(Cake\Http\Response))
#11 /var/www/html/CarspreeAng/cakephp3/vendor/cakephp/cakephp/src/Http/Runner.php(65): Cake\Routing\Middleware\AssetMiddleware->__invoke(Object(Cake\Http\ServerRequest), Object(Cake\Http\Response), Object(Cake\Http\Runner))
#12 /var/www/html/CarspreeAng/cakephp3/vendor/cakephp/cakephp/src/Error/Middleware/ErrorHandlerMiddleware.php(98): Cake\Http\Runner->__invoke(Object(Cake\Http\ServerRequest), Object(Cake\Http\Response))
#13 /var/www/html/CarspreeAng/cakephp3/vendor/cakephp/cakephp/src/Http/Runner.php(65): Cake\Error\Middleware\ErrorHandlerMiddleware->__invoke(Object(Cake\Http\ServerRequest), Object(Cake\Http\Response), Object(Cake\Http\Runner))
#14 /var/www/html/CarspreeAng/cakephp3/vendor/cakephp/cakephp/src/Http/Runner.php(51): Cake\Http\Runner->__invoke(Object(Cake\Http\ServerRequest), Object(Cake\Http\Response))
#15 /var/www/html/CarspreeAng/cakephp3/vendor/cakephp/cakephp/src/Http/Server.php(98): Cake\Http\Runner->run(Object(Cake\Http\MiddlewareQueue), Object(Cake\Http\ServerRequest), Object(Cake\Http\Response))
#16 /var/www/html/CarspreeAng/cakephp3/webroot/index.php(40): Cake\Http\Server->run()
#17 {main}


2018-09-03 10:40:48 Warning: DebugKit not enabled. You need to either install pdo_sqlite, or define the "debug_kit" connection name.
2018-09-03 10:40:48 Error: [Error] Call to a member function config() on boolean
Request URL: /brands/index
Stack Trace:
#0 /var/www/html/CarspreeAng/cakephp3/vendor/cakephp/cakephp/src/Controller/Controller.php(272): App\Controller\BrandsController->initialize()
#1 [internal function]: Cake\Controller\Controller->__construct(Object(Cake\Http\ServerRequest), Object(Cake\Http\Response))
#2 /var/www/html/CarspreeAng/cakephp3/vendor/cakephp/cakephp/src/Http/ControllerFactory.php(46): ReflectionClass->newInstance(Object(Cake\Http\ServerRequest), Object(Cake\Http\Response))
#3 /var/www/html/CarspreeAng/cakephp3/vendor/cakephp/cakephp/src/Http/ActionDispatcher.php(91): Cake\Http\ControllerFactory->create(Object(Cake\Http\ServerRequest), Object(Cake\Http\Response))
#4 /var/www/html/CarspreeAng/cakephp3/vendor/cakephp/cakephp/src/Http/BaseApplication.php(235): Cake\Http\ActionDispatcher->dispatch(Object(Cake\Http\ServerRequest), Object(Cake\Http\Response))
#5 /var/www/html/CarspreeAng/cakephp3/vendor/cakephp/cakephp/src/Http/Runner.php(65): Cake\Http\BaseApplication->__invoke(Object(Cake\Http\ServerRequest), Object(Cake\Http\Response), Object(Cake\Http\Runner))
#6 /var/www/html/CarspreeAng/cakephp3/vendor/cakephp/cakephp/src/Http/Middleware/CsrfProtectionMiddleware.php(103): Cake\Http\Runner->__invoke(Object(Cake\Http\ServerRequest), Object(Cake\Http\Response))
#7 /var/www/html/CarspreeAng/cakephp3/vendor/cakephp/cakephp/src/Http/Runner.php(65): Cake\Http\Middleware\CsrfProtectionMiddleware->__invoke(Object(Cake\Http\ServerRequest), Object(Cake\Http\Response), Object(Cake\Http\Runner))
#8 /var/www/html/CarspreeAng/cakephp3/vendor/cakephp/cakephp/src/Routing/Middleware/RoutingMiddleware.php(156): Cake\Http\Runner->__invoke(Object(Cake\Http\ServerRequest), Object(Cake\Http\Response))
#9 /var/www/html/CarspreeAng/cakephp3/vendor/cakephp/cakephp/src/Http/Runner.php(65): Cake\Routing\Middleware\RoutingMiddleware->__invoke(Object(Cake\Http\ServerRequest), Object(Cake\Http\Response), Object(Cake\Http\Runner))
#10 /var/www/html/CarspreeAng/cakephp3/vendor/cakephp/cakephp/src/Routing/Middleware/AssetMiddleware.php(88): Cake\Http\Runner->__invoke(Object(Cake\Http\ServerRequest), Object(Cake\Http\Response))
#11 /var/www/html/CarspreeAng/cakephp3/vendor/cakephp/cakephp/src/Http/Runner.php(65): Cake\Routing\Middleware\AssetMiddleware->__invoke(Object(Cake\Http\ServerRequest), Object(Cake\Http\Response), Object(Cake\Http\Runner))
#12 /var/www/html/CarspreeAng/cakephp3/vendor/cakephp/cakephp/src/Error/Middleware/ErrorHandlerMiddleware.php(98): Cake\Http\Runner->__invoke(Object(Cake\Http\ServerRequest), Object(Cake\Http\Response))
#13 /var/www/html/CarspreeAng/cakephp3/vendor/cakephp/cakephp/src/Http/Runner.php(65): Cake\Error\Middleware\ErrorHandlerMiddleware->__invoke(Object(Cake\Http\ServerRequest), Object(Cake\Http\Response), Object(Cake\Http\Runner))
#14 /var/www/html/CarspreeAng/cakephp3/vendor/cakephp/cakephp/src/Http/Runner.php(51): Cake\Http\Runner->__invoke(Object(Cake\Http\ServerRequest), Object(Cake\Http\Response))
#15 /var/www/html/CarspreeAng/cakephp3/vendor/cakephp/cakephp/src/Http/Server.php(98): Cake\Http\Runner->run(Object(Cake\Http\MiddlewareQueue), Object(Cake\Http\ServerRequest), Object(Cake\Http\Response))
#16 /var/www/html/CarspreeAng/cakephp3/webroot/index.php(40): Cake\Http\Server->run()
#17 {main}


2018-09-03 10:40:49 Warning: DebugKit not enabled. You need to either install pdo_sqlite, or define the "debug_kit" connection name.
2018-09-03 10:40:49 Error: [Error] Call to a member function config() on boolean
Request URL: /brands/index
Stack Trace:
#0 /var/www/html/CarspreeAng/cakephp3/vendor/cakephp/cakephp/src/Controller/Controller.php(272): App\Controller\BrandsController->initialize()
#1 [internal function]: Cake\Controller\Controller->__construct(Object(Cake\Http\ServerRequest), Object(Cake\Http\Response))
#2 /var/www/html/CarspreeAng/cakephp3/vendor/cakephp/cakephp/src/Http/ControllerFactory.php(46): ReflectionClass->newInstance(Object(Cake\Http\ServerRequest), Object(Cake\Http\Response))
#3 /var/www/html/CarspreeAng/cakephp3/vendor/cakephp/cakephp/src/Http/ActionDispatcher.php(91): Cake\Http\ControllerFactory->create(Object(Cake\Http\ServerRequest), Object(Cake\Http\Response))
#4 /var/www/html/CarspreeAng/cakephp3/vendor/cakephp/cakephp/src/Http/BaseApplication.php(235): Cake\Http\ActionDispatcher->dispatch(Object(Cake\Http\ServerRequest), Object(Cake\Http\Response))
#5 /var/www/html/CarspreeAng/cakephp3/vendor/cakephp/cakephp/src/Http/Runner.php(65): Cake\Http\BaseApplication->__invoke(Object(Cake\Http\ServerRequest), Object(Cake\Http\Response), Object(Cake\Http\Runner))
#6 /var/www/html/CarspreeAng/cakephp3/vendor/cakephp/cakephp/src/Http/Middleware/CsrfProtectionMiddleware.php(103): Cake\Http\Runner->__invoke(Object(Cake\Http\ServerRequest), Object(Cake\Http\Response))
#7 /var/www/html/CarspreeAng/cakephp3/vendor/cakephp/cakephp/src/Http/Runner.php(65): Cake\Http\Middleware\CsrfProtectionMiddleware->__invoke(Object(Cake\Http\ServerRequest), Object(Cake\Http\Response), Object(Cake\Http\Runner))
#8 /var/www/html/CarspreeAng/cakephp3/vendor/cakephp/cakephp/src/Routing/Middleware/RoutingMiddleware.php(156): Cake\Http\Runner->__invoke(Object(Cake\Http\ServerRequest), Object(Cake\Http\Response))
#9 /var/www/html/CarspreeAng/cakephp3/vendor/cakephp/cakephp/src/Http/Runner.php(65): Cake\Routing\Middleware\RoutingMiddleware->__invoke(Object(Cake\Http\ServerRequest), Object(Cake\Http\Response), Object(Cake\Http\Runner))
#10 /var/www/html/CarspreeAng/cakephp3/vendor/cakephp/cakephp/src/Routing/Middleware/AssetMiddleware.php(88): Cake\Http\Runner->__invoke(Object(Cake\Http\ServerRequest), Object(Cake\Http\Response))
#11 /var/www/html/CarspreeAng/cakephp3/vendor/cakephp/cakephp/src/Http/Runner.php(65): Cake\Routing\Middleware\AssetMiddleware->__invoke(Object(Cake\Http\ServerRequest), Object(Cake\Http\Response), Object(Cake\Http\Runner))
#12 /var/www/html/CarspreeAng/cakephp3/vendor/cakephp/cakephp/src/Error/Middleware/ErrorHandlerMiddleware.php(98): Cake\Http\Runner->__invoke(Object(Cake\Http\ServerRequest), Object(Cake\Http\Response))
#13 /var/www/html/CarspreeAng/cakephp3/vendor/cakephp/cakephp/src/Http/Runner.php(65): Cake\Error\Middleware\ErrorHandlerMiddleware->__invoke(Object(Cake\Http\ServerRequest), Object(Cake\Http\Response), Object(Cake\Http\Runner))
#14 /var/www/html/CarspreeAng/cakephp3/vendor/cakephp/cakephp/src/Http/Runner.php(51): Cake\Http\Runner->__invoke(Object(Cake\Http\ServerRequest), Object(Cake\Http\Response))
#15 /var/www/html/CarspreeAng/cakephp3/vendor/cakephp/cakephp/src/Http/Server.php(98): Cake\Http\Runner->run(Object(Cake\Http\MiddlewareQueue), Object(Cake\Http\ServerRequest), Object(Cake\Http\Response))
#16 /var/www/html/CarspreeAng/cakephp3/webroot/index.php(40): Cake\Http\Server->run()
#17 {main}


2018-09-03 10:40:51 Warning: DebugKit not enabled. You need to either install pdo_sqlite, or define the "debug_kit" connection name.
2018-09-03 10:40:51 Error: [Error] Call to a member function config() on boolean
Request URL: /brands/index
Stack Trace:
#0 /var/www/html/CarspreeAng/cakephp3/vendor/cakephp/cakephp/src/Controller/Controller.php(272): App\Controller\BrandsController->initialize()
#1 [internal function]: Cake\Controller\Controller->__construct(Object(Cake\Http\ServerRequest), Object(Cake\Http\Response))
#2 /var/www/html/CarspreeAng/cakephp3/vendor/cakephp/cakephp/src/Http/ControllerFactory.php(46): ReflectionClass->newInstance(Object(Cake\Http\ServerRequest), Object(Cake\Http\Response))
#3 /var/www/html/CarspreeAng/cakephp3/vendor/cakephp/cakephp/src/Http/ActionDispatcher.php(91): Cake\Http\ControllerFactory->create(Object(Cake\Http\ServerRequest), Object(Cake\Http\Response))
#4 /var/www/html/CarspreeAng/cakephp3/vendor/cakephp/cakephp/src/Http/BaseApplication.php(235): Cake\Http\ActionDispatcher->dispatch(Object(Cake\Http\ServerRequest), Object(Cake\Http\Response))
#5 /var/www/html/CarspreeAng/cakephp3/vendor/cakephp/cakephp/src/Http/Runner.php(65): Cake\Http\BaseApplication->__invoke(Object(Cake\Http\ServerRequest), Object(Cake\Http\Response), Object(Cake\Http\Runner))
#6 /var/www/html/CarspreeAng/cakephp3/vendor/cakephp/cakephp/src/Http/Middleware/CsrfProtectionMiddleware.php(103): Cake\Http\Runner->__invoke(Object(Cake\Http\ServerRequest), Object(Cake\Http\Response))
#7 /var/www/html/CarspreeAng/cakephp3/vendor/cakephp/cakephp/src/Http/Runner.php(65): Cake\Http\Middleware\CsrfProtectionMiddleware->__invoke(Object(Cake\Http\ServerRequest), Object(Cake\Http\Response), Object(Cake\Http\Runner))
#8 /var/www/html/CarspreeAng/cakephp3/vendor/cakephp/cakephp/src/Routing/Middleware/RoutingMiddleware.php(156): Cake\Http\Runner->__invoke(Object(Cake\Http\ServerRequest), Object(Cake\Http\Response))
#9 /var/www/html/CarspreeAng/cakephp3/vendor/cakephp/cakephp/src/Http/Runner.php(65): Cake\Routing\Middleware\RoutingMiddleware->__invoke(Object(Cake\Http\ServerRequest), Object(Cake\Http\Response), Object(Cake\Http\Runner))
#10 /var/www/html/CarspreeAng/cakephp3/vendor/cakephp/cakephp/src/Routing/Middleware/AssetMiddleware.php(88): Cake\Http\Runner->__invoke(Object(Cake\Http\ServerRequest), Object(Cake\Http\Response))
#11 /var/www/html/CarspreeAng/cakephp3/vendor/cakephp/cakephp/src/Http/Runner.php(65): Cake\Routing\Middleware\AssetMiddleware->__invoke(Object(Cake\Http\ServerRequest), Object(Cake\Http\Response), Object(Cake\Http\Runner))
#12 /var/www/html/CarspreeAng/cakephp3/vendor/cakephp/cakephp/src/Error/Middleware/ErrorHandlerMiddleware.php(98): Cake\Http\Runner->__invoke(Object(Cake\Http\ServerRequest), Object(Cake\Http\Response))
#13 /var/www/html/CarspreeAng/cakephp3/vendor/cakephp/cakephp/src/Http/Runner.php(65): Cake\Error\Middleware\ErrorHandlerMiddleware->__invoke(Object(Cake\Http\ServerRequest), Object(Cake\Http\Response), Object(Cake\Http\Runner))
#14 /var/www/html/CarspreeAng/cakephp3/vendor/cakephp/cakephp/src/Http/Runner.php(51): Cake\Http\Runner->__invoke(Object(Cake\Http\ServerRequest), Object(Cake\Http\Response))
#15 /var/www/html/CarspreeAng/cakephp3/vendor/cakephp/cakephp/src/Http/Server.php(98): Cake\Http\Runner->run(Object(Cake\Http\MiddlewareQueue), Object(Cake\Http\ServerRequest), Object(Cake\Http\Response))
#16 /var/www/html/CarspreeAng/cakephp3/webroot/index.php(40): Cake\Http\Server->run()
#17 {main}


2018-09-03 10:41:02 Warning: DebugKit not enabled. You need to either install pdo_sqlite, or define the "debug_kit" connection name.
2018-09-03 10:41:03 Warning: DebugKit not enabled. You need to either install pdo_sqlite, or define the "debug_kit" connection name.
2018-09-03 10:41:08 Warning: DebugKit not enabled. You need to either install pdo_sqlite, or define the "debug_kit" connection name.
2018-09-03 10:41:21 Warning: DebugKit not enabled. You need to either install pdo_sqlite, or define the "debug_kit" connection name.
2018-09-03 10:41:21 Warning: DebugKit not enabled. You need to either install pdo_sqlite, or define the "debug_kit" connection name.
2018-09-03 10:41:43 Warning: DebugKit not enabled. You need to either install pdo_sqlite, or define the "debug_kit" connection name.
2018-09-03 10:41:43 Warning: DebugKit not enabled. You need to either install pdo_sqlite, or define the "debug_kit" connection name.
2018-09-03 10:42:24 Warning: DebugKit not enabled. You need to either install pdo_sqlite, or define the "debug_kit" connection name.
2018-09-03 10:42:24 Warning: DebugKit not enabled. You need to either install pdo_sqlite, or define the "debug_kit" connection name.
2018-09-03 10:42:40 Warning: DebugKit not enabled. You need to either install pdo_sqlite, or define the "debug_kit" connection name.
2018-09-03 10:42:40 Warning: DebugKit not enabled. You need to either install pdo_sqlite, or define the "debug_kit" connection name.
2018-09-03 10:42:48 Warning: DebugKit not enabled. You need to either install pdo_sqlite, or define the "debug_kit" connection name.
2018-09-03 10:59:03 Warning: DebugKit not enabled. You need to either install pdo_sqlite, or define the "debug_kit" connection name.
2018-09-03 10:59:51 Warning: DebugKit not enabled. You need to either install pdo_sqlite, or define the "debug_kit" connection name.
2018-09-03 11:00:34 Warning: DebugKit not enabled. You need to either install pdo_sqlite, or define the "debug_kit" connection name.
2018-09-03 11:02:22 Warning: DebugKit not enabled. You need to either install pdo_sqlite, or define the "debug_kit" connection name.
2018-09-03 11:02:51 Warning: DebugKit not enabled. You need to either install pdo_sqlite, or define the "debug_kit" connection name.
2018-09-03 11:03:13 Warning: DebugKit not enabled. You need to either install pdo_sqlite, or define the "debug_kit" connection name.
2018-09-03 11:04:46 Warning: DebugKit not enabled. You need to either install pdo_sqlite, or define the "debug_kit" connection name.
2018-09-03 11:04:50 Warning: DebugKit not enabled. You need to either install pdo_sqlite, or define the "debug_kit" connection name.
2018-09-03 11:06:49 Warning: DebugKit not enabled. You need to either install pdo_sqlite, or define the "debug_kit" connection name.
2018-09-03 11:08:02 Warning: DebugKit not enabled. You need to either install pdo_sqlite, or define the "debug_kit" connection name.
2018-09-03 11:08:02 Warning: DebugKit not enabled. You need to either install pdo_sqlite, or define the "debug_kit" connection name.
2018-09-03 11:12:17 Warning: DebugKit not enabled. You need to either install pdo_sqlite, or define the "debug_kit" connection name.
2018-09-03 11:13:43 Warning: DebugKit not enabled. You need to either install pdo_sqlite, or define the "debug_kit" connection name.
2018-09-03 11:13:43 Warning: DebugKit not enabled. You need to either install pdo_sqlite, or define the "debug_kit" connection name.
2018-09-03 11:15:20 Warning: DebugKit not enabled. You need to either install pdo_sqlite, or define the "debug_kit" connection name.
2018-09-03 11:18:26 Warning: DebugKit not enabled. You need to either install pdo_sqlite, or define the "debug_kit" connection name.
2018-09-03 11:39:18 Warning: DebugKit not enabled. You need to either install pdo_sqlite, or define the "debug_kit" connection name.
2018-09-03 11:39:18 Warning: DebugKit not enabled. You need to either install pdo_sqlite, or define the "debug_kit" connection name.
2018-09-03 11:39:19 Warning: DebugKit not enabled. You need to either install pdo_sqlite, or define the "debug_kit" connection name.
2018-09-03 11:39:19 Warning: DebugKit not enabled. You need to either install pdo_sqlite, or define the "debug_kit" connection name.
2018-09-03 11:39:20 Warning: DebugKit not enabled. You need to either install pdo_sqlite, or define the "debug_kit" connection name.
2018-09-03 12:40:04 Warning: DebugKit not enabled. You need to either install pdo_sqlite, or define the "debug_kit" connection name.
2018-09-03 13:04:02 Warning: DebugKit not enabled. You need to either install pdo_sqlite, or define the "debug_kit" connection name.
2018-09-04 04:19:00 Warning: DebugKit not enabled. You need to either install pdo_sqlite, or define the "debug_kit" connection name.
2018-09-05 05:02:28 Warning: DebugKit not enabled. You need to either install pdo_sqlite, or define the "debug_kit" connection name.
